"../../../Engine/Content/EngineMaterials/T_Default_Material_Grid_N.uasset" 0
"../../../Engine/Content/EngineMaterials/T_Default_Material_Grid_N.uexp" 1
"../../../Engine/Content/EngineMaterials/T_Default_Material_Grid_N.ubulk" 2
"../../../Engine/Content/EngineMaterials/T_Default_Material_Grid_M.uasset" 3
"../../../Engine/Content/EngineMaterials/T_Default_Material_Grid_M.uexp" 4
"../../../Engine/Content/EngineMaterials/T_Default_Material_Grid_M.ubulk" 5
"../../../Engine/Content/Functions/Engine_MaterialFunctions01/Opacity/CameraDepthFade.uasset" 6
"../../../Engine/Content/Functions/Engine_MaterialFunctions01/Opacity/CameraDepthFade.uexp" 7
"../../../Engine/Content/EngineMaterials/WorldGridMaterial.uasset" 8
"../../../Engine/Content/EngineMaterials/WorldGridMaterial.uexp" 9
"../../../Engine/Content/ArtTools/RenderToTexture/Meshes/S_1_Unit_Plane.uasset" 10
"../../../Engine/Content/ArtTools/RenderToTexture/Meshes/S_1_Unit_Plane.uexp" 11
"../../../Engine/Content/EditorLandscapeResources/DataLayer.uasset" 12
"../../../Engine/Content/EditorLandscapeResources/DataLayer.uexp" 13
"../../../Engine/Content/EditorLandscapeResources/DefaultAlphaTexture.uasset" 14
"../../../Engine/Content/EditorLandscapeResources/DefaultAlphaTexture.uexp" 15
"../../../Engine/Content/EditorMaterials/MAT_Groups_Toggle.uasset" 16
"../../../Engine/Content/EditorMaterials/MAT_Groups_Toggle.uexp" 17
"../../../Engine/Content/EditorMaterials/MAT_Groups_Visibility.uasset" 18
"../../../Engine/Content/EditorMaterials/MAT_Groups_Visibility.uexp" 19
"../../../Engine/Content/EditorMaterials/PreviewShadowIndicator.uasset" 20
"../../../Engine/Content/EditorMaterials/PreviewShadowIndicator.uexp" 21
"../../../Engine/Content/EditorMaterials/PreviewShadowIndicator.ubulk" 22
"../../../Engine/Content/EditorMaterials/PreviewShadowIndicatorMaterial.uasset" 23
"../../../Engine/Content/EditorMaterials/PreviewShadowIndicatorMaterial.uexp" 24
"../../../Engine/Content/EditorMaterials/MatineeGroups/MAT_ColorTrack.uasset" 25
"../../../Engine/Content/EditorMaterials/MatineeGroups/MAT_ColorTrack.uexp" 26
"../../../Engine/Content/EditorMaterials/MatineeGroups/MAT_Groups_Anim.uasset" 27
"../../../Engine/Content/EditorMaterials/MatineeGroups/MAT_Groups_Anim.uexp" 28
"../../../Engine/Content/EditorMaterials/MatineeGroups/MAT_Groups_AudioMaster.uasset" 29
"../../../Engine/Content/EditorMaterials/MatineeGroups/MAT_Groups_AudioMaster.uexp" 30
"../../../Engine/Content/EditorMaterials/MatineeGroups/MAT_Groups_Director.uasset" 31
"../../../Engine/Content/EditorMaterials/MatineeGroups/MAT_Groups_Director.uexp" 32
"../../../Engine/Content/EditorMaterials/MatineeGroups/MAT_Groups_Event.uasset" 33
"../../../Engine/Content/EditorMaterials/MatineeGroups/MAT_Groups_Event.uexp" 34
"../../../Engine/Content/EditorMaterials/MatineeGroups/MAT_Groups_Fade.uasset" 35
"../../../Engine/Content/EditorMaterials/MatineeGroups/MAT_Groups_Fade.uexp" 36
"../../../Engine/Content/EditorMaterials/MatineeGroups/MAT_Groups_Float.uasset" 37
"../../../Engine/Content/EditorMaterials/MatineeGroups/MAT_Groups_Float.uexp" 38
"../../../Engine/Content/EditorMaterials/MatineeGroups/MAT_Groups_Move.uasset" 39
"../../../Engine/Content/EditorMaterials/MatineeGroups/MAT_Groups_Move.uexp" 40
"../../../Engine/Content/EditorMaterials/MatineeGroups/MAT_Groups_Slomo.uasset" 41
"../../../Engine/Content/EditorMaterials/MatineeGroups/MAT_Groups_Slomo.uexp" 42
"../../../Engine/Content/EditorMaterials/MatineeGroups/MAT_Groups_Sound.uasset" 43
"../../../Engine/Content/EditorMaterials/MatineeGroups/MAT_Groups_Sound.uexp" 44
"../../../Engine/Content/EditorMaterials/MatineeGroups/MAT_Groups_Vector.uasset" 45
"../../../Engine/Content/EditorMaterials/MatineeGroups/MAT_Groups_Vector.uexp" 46
"../../../Engine/Content/EditorMaterials/ParticleSystems/PSysThumbnail_NoImage.uasset" 47
"../../../Engine/Content/EditorMaterials/ParticleSystems/PSysThumbnail_NoImage.uexp" 48
"../../../Engine/Content/EditorMaterials/ParticleSystems/PSysThumbnail_NoImage.ubulk" 49
"../../../Engine/Content/EditorMaterials/ParticleSystems/PSysThumbnail_OOD.uasset" 50
"../../../Engine/Content/EditorMaterials/ParticleSystems/PSysThumbnail_OOD.uexp" 51
"../../../Engine/Content/EditorMaterials/ParticleSystems/PSysThumbnail_OOD.ubulk" 52
"../../../Engine/Content/EditorMaterials/Camera/CineMat.uasset" 53
"../../../Engine/Content/EditorMaterials/Camera/CineMat.uexp" 54
"../../../Engine/Content/EditorMaterials/Camera/MI_CineMat_Rig.uasset" 55
"../../../Engine/Content/EditorMaterials/Camera/MI_CineMat_Rig.uexp" 56
"../../../Engine/Content/EditorMeshes/Camera/SM_CraneRig_Arm.uasset" 57
"../../../Engine/Content/EditorMeshes/Camera/SM_CraneRig_Arm.uexp" 58
"../../../Engine/Content/EditorMeshes/Camera/SM_CraneRig_Base.uasset" 59
"../../../Engine/Content/EditorMeshes/Camera/SM_CraneRig_Base.uexp" 60
"../../../Engine/Content/EditorMeshes/Camera/SM_CraneRig_Body.uasset" 61
"../../../Engine/Content/EditorMeshes/Camera/SM_CraneRig_Body.uexp" 62
"../../../Engine/Content/EditorMeshes/Camera/SM_CraneRig_Mount.uasset" 63
"../../../Engine/Content/EditorMeshes/Camera/SM_CraneRig_Mount.uexp" 64
"../../../Engine/Content/EditorMeshes/Camera/SM_RailRig_Mount.uasset" 65
"../../../Engine/Content/EditorMeshes/Camera/SM_RailRig_Mount.uexp" 66
"../../../Engine/Content/EditorMeshes/Camera/SM_RailRig_Track.uasset" 67
"../../../Engine/Content/EditorMeshes/Camera/SM_RailRig_Track.uexp" 68
"../../../Engine/Content/EditorResources/BSPVertex.uasset" 69
"../../../Engine/Content/EditorResources/BSPVertex.uexp" 70
"../../../Engine/Content/EditorResources/EmptyActor.uasset" 71
"../../../Engine/Content/EditorResources/EmptyActor.uexp" 72
"../../../Engine/Content/EditorResources/S_Actor.uasset" 73
"../../../Engine/Content/EditorResources/S_Actor.uexp" 74
"../../../Engine/Content/EditorResources/S_Actor.ubulk" 75
"../../../Engine/Content/EditorResources/S_Note.uasset" 76
"../../../Engine/Content/EditorResources/S_Note.uexp" 77
"../../../Engine/Content/EditorResources/S_Note.ubulk" 78
"../../../Engine/Content/EditorResources/S_Solver.uasset" 79
"../../../Engine/Content/EditorResources/S_Solver.uexp" 80
"../../../Engine/Content/EditorResources/S_Solver.ubulk" 81
"../../../Engine/Content/EditorResources/S_Terrain.uasset" 82
"../../../Engine/Content/EditorResources/S_Terrain.uexp" 83
"../../../Engine/Content/EditorResources/S_Terrain.ubulk" 84
"../../../Engine/Content/EditorResources/S_Trigger.uasset" 85
"../../../Engine/Content/EditorResources/S_Trigger.uexp" 86
"../../../Engine/Content/EditorResources/S_Trigger.ubulk" 87
"../../../Engine/Content/EditorResources/LightIcons/S_LightError.uasset" 88
"../../../Engine/Content/EditorResources/LightIcons/S_LightError.uexp" 89
"../../../Engine/Content/EditorResources/SequenceRecorder/Countdown.uasset" 90
"../../../Engine/Content/EditorResources/SequenceRecorder/Countdown.uexp" 91
"../../../Engine/Content/EditorResources/SequenceRecorder/RecordingIndicator.uasset" 92
"../../../Engine/Content/EditorResources/SequenceRecorder/RecordingIndicator.uexp" 93
"../../../Engine/Content/EngineDamageTypes/DmgTypeBP_Environmental.uasset" 94
"../../../Engine/Content/EngineDamageTypes/DmgTypeBP_Environmental.uexp" 95
"../../../Engine/Content/EngineDebugMaterials/DebugEditorMaterial.uasset" 96
"../../../Engine/Content/EngineDebugMaterials/DebugEditorMaterial.uexp" 97
"../../../Engine/Content/EngineDebugMaterials/DebugMeshMaterial.uasset" 98
"../../../Engine/Content/EngineDebugMaterials/DebugMeshMaterial.uexp" 99
"../../../Engine/Content/EngineDebugMaterials/M_SimpleUnlitTranslucent.uasset" 100
"../../../Engine/Content/EngineDebugMaterials/M_SimpleUnlitTranslucent.uexp" 101
"../../../Engine/Content/EngineDebugMaterials/VolumeToRender.uasset" 102
"../../../Engine/Content/EngineDebugMaterials/VolumeToRender.uexp" 103
"../../../Engine/Content/Functions/Engine_MaterialFunctions02/Utility/CameraDirectionVector.uasset" 104
"../../../Engine/Content/Functions/Engine_MaterialFunctions02/Utility/CameraDirectionVector.uexp" 105
"../../../Engine/Content/EngineDebugMaterials/M_VolumeRenderSphereTracePP.uasset" 106
"../../../Engine/Content/EngineDebugMaterials/M_VolumeRenderSphereTracePP.uexp" 107
"../../../Engine/Content/Functions/Engine_MaterialFunctions01/Shading/ConvertFromDiffSpec.uasset" 108
"../../../Engine/Content/Functions/Engine_MaterialFunctions01/Shading/ConvertFromDiffSpec.uexp" 109
"../../../Engine/Content/EngineDebugMaterials/VertexColorMaterial.uasset" 110
"../../../Engine/Content/EngineDebugMaterials/VertexColorMaterial.uexp" 111
"../../../Engine/Content/EngineDebugMaterials/WireframeMaterial.uasset" 112
"../../../Engine/Content/EngineDebugMaterials/WireframeMaterial.uexp" 113
"../../../Engine/Content/EngineFonts/Faces/RobotoRegular.uasset" 114
"../../../Engine/Content/EngineFonts/Faces/RobotoRegular.uexp" 115
"../../../Engine/Content/EngineFonts/Faces/RobotoRegular.ufont" 116
"../../../Engine/Content/EngineFonts/Faces/RobotoLight.uasset" 117
"../../../Engine/Content/EngineFonts/Faces/RobotoLight.uexp" 118
"../../../Engine/Content/EngineFonts/Faces/RobotoLight.ufont" 119
"../../../Engine/Content/EngineFonts/Faces/RobotoItalic.uasset" 120
"../../../Engine/Content/EngineFonts/Faces/RobotoItalic.uexp" 121
"../../../Engine/Content/EngineFonts/Faces/RobotoItalic.ufont" 122
"../../../Engine/Content/EngineFonts/Faces/RobotoBoldItalic.uasset" 123
"../../../Engine/Content/EngineFonts/Faces/RobotoBoldItalic.uexp" 124
"../../../Engine/Content/EngineFonts/Faces/RobotoBoldItalic.ufont" 125
"../../../Engine/Content/EngineFonts/Faces/RobotoBold.uasset" 126
"../../../Engine/Content/EngineFonts/Faces/RobotoBold.uexp" 127
"../../../Engine/Content/EngineFonts/Faces/RobotoBold.ufont" 128
"../../../Engine/Content/EngineFonts/Faces/DroidSansFallback.uasset" 129
"../../../Engine/Content/EngineFonts/Faces/DroidSansFallback.uexp" 130
"../../../Engine/Content/EngineFonts/Faces/DroidSansFallback.ufont" 131
"../../../Engine/Content/EngineFonts/Roboto.uasset" 132
"../../../Engine/Content/EngineFonts/Roboto.uexp" 133
"../../../Engine/Content/EngineMaterials/BaseFlattenNormalMap.uasset" 134
"../../../Engine/Content/EngineMaterials/BaseFlattenNormalMap.uexp" 135
"../../../Engine/Content/EngineMaterials/BaseFlattenGrayscaleMap.uasset" 136
"../../../Engine/Content/EngineMaterials/BaseFlattenGrayscaleMap.uexp" 137
"../../../Engine/Content/EngineMaterials/BaseFlattenEmissiveMap.uasset" 138
"../../../Engine/Content/EngineMaterials/BaseFlattenEmissiveMap.uexp" 139
"../../../Engine/Content/EngineMaterials/BaseFlattenDiffuseMap.uasset" 140
"../../../Engine/Content/EngineMaterials/BaseFlattenDiffuseMap.uexp" 141
"../../../Engine/Content/EngineMaterials/BaseFlattenMaterial.uasset" 142
"../../../Engine/Content/EngineMaterials/BaseFlattenMaterial.uexp" 143
"../../../Engine/Content/EngineMaterials/BlueNoise.uasset" 144
"../../../Engine/Content/EngineMaterials/BlueNoise.uexp" 145
"../../../Engine/Content/EngineMaterials/DefaultBloomKernel.uasset" 146
"../../../Engine/Content/EngineMaterials/DefaultBloomKernel.uexp" 147
"../../../Engine/Content/EngineMaterials/DefaultBokeh.uasset" 148
"../../../Engine/Content/EngineMaterials/DefaultBokeh.uexp" 149
"../../../Engine/Content/EngineMaterials/DefaultDiffuse.uasset" 150
"../../../Engine/Content/EngineMaterials/DefaultDiffuse.uexp" 151
"../../../Engine/Content/EngineMaterials/DefaultDiffuse.ubulk" 152
"../../../Engine/Content/EngineMaterials/DefaultDeferredDecalMaterial.uasset" 153
"../../../Engine/Content/EngineMaterials/DefaultDeferredDecalMaterial.uexp" 154
"../../../Engine/Content/EngineMaterials/DefaultLightFunctionMaterial.uasset" 155
"../../../Engine/Content/EngineMaterials/DefaultLightFunctionMaterial.uexp" 156
"../../../Engine/Content/EngineMaterials/DefaultPhysicalMaterial.uasset" 157
"../../../Engine/Content/EngineMaterials/DefaultPhysicalMaterial.uexp" 158
"../../../Engine/Content/Functions/Engine_MaterialFunctions02/Utility/BreakOutFloat2Components.uasset" 159
"../../../Engine/Content/Functions/Engine_MaterialFunctions02/Utility/BreakOutFloat2Components.uexp" 160
"../../../Engine/Content/EngineMaterials/DefaultPostProcessMaterial.uasset" 161
"../../../Engine/Content/EngineMaterials/DefaultPostProcessMaterial.uexp" 162
"../../../Engine/Content/EngineFonts/RobotoDistanceField.uasset" 163
"../../../Engine/Content/EngineFonts/RobotoDistanceField.uexp" 164
"../../../Engine/Content/EngineMaterials/DefaultTextMaterialOpaque.uasset" 165
"../../../Engine/Content/EngineMaterials/DefaultTextMaterialOpaque.uexp" 166
"../../../Engine/Content/EngineMaterials/DefaultWhiteGrid.uasset" 167
"../../../Engine/Content/EngineMaterials/DefaultWhiteGrid.uexp" 168
"../../../Engine/Content/EngineMaterials/DefaultWhiteGrid.ubulk" 169
"../../../Engine/Content/EngineMaterials/DefaultWhiteGrid_Low.uasset" 170
"../../../Engine/Content/EngineMaterials/DefaultWhiteGrid_Low.uexp" 171
"../../../Engine/Content/EngineMaterials/EmissiveMeshMaterial.uasset" 172
"../../../Engine/Content/EngineMaterials/EmissiveMeshMaterial.uexp" 173
"../../../Engine/Content/EngineMaterials/GizmoMaterial.uasset" 174
"../../../Engine/Content/EngineMaterials/GizmoMaterial.uexp" 175
"../../../Engine/Content/EngineMaterials/Good64x64TilingNoiseHighFreq.uasset" 176
"../../../Engine/Content/EngineMaterials/Good64x64TilingNoiseHighFreq.uexp" 177
"../../../Engine/Content/EngineMaterials/MiniFont.uasset" 178
"../../../Engine/Content/EngineMaterials/MiniFont.uexp" 179
"../../../Engine/Content/EngineMaterials/InvalidLightmapSettings.uasset" 180
"../../../Engine/Content/EngineMaterials/InvalidLightmapSettings.uexp" 181
"../../../Engine/Content/EngineMaterials/InvalidLightmapSettings.ubulk" 182
"../../../Engine/Content/EngineMaterials/M_InvalidLightmapSettings.uasset" 183
"../../../Engine/Content/EngineMaterials/M_InvalidLightmapSettings.uexp" 184
"../../../Engine/Content/Functions/Engine_MaterialFunctions02/WorldPositionOffset/CameraOffset.uasset" 185
"../../../Engine/Content/Functions/Engine_MaterialFunctions02/WorldPositionOffset/CameraOffset.uexp" 186
"../../../Engine/Content/EngineMaterials/PhAT_JointLimitMaterial.uasset" 187
"../../../Engine/Content/EngineMaterials/PhAT_JointLimitMaterial.uexp" 188
"../../../Engine/Content/EngineMaterials/DefaultCalibrationColor.uasset" 189
"../../../Engine/Content/EngineMaterials/DefaultCalibrationColor.uexp" 190
"../../../Engine/Content/EngineMaterials/PPM_DefaultCalibrationColor.uasset" 191
"../../../Engine/Content/EngineMaterials/PPM_DefaultCalibrationColor.uexp" 192
"../../../Engine/Content/EngineMaterials/DefaultCalibrationGrayscale.uasset" 193
"../../../Engine/Content/EngineMaterials/DefaultCalibrationGrayscale.uexp" 194
"../../../Engine/Content/EngineMaterials/PPM_DefaultCalibrationGrayscale.uasset" 195
"../../../Engine/Content/EngineMaterials/PPM_DefaultCalibrationGrayscale.uexp" 196
"../../../Engine/Content/EngineMaterials/PreintegratedSkinBRDF.uasset" 197
"../../../Engine/Content/EngineMaterials/PreintegratedSkinBRDF.uexp" 198
"../../../Engine/Content/EngineMaterials/RemoveSurfaceMaterial.uasset" 199
"../../../Engine/Content/EngineMaterials/RemoveSurfaceMaterial.uexp" 200
"../../../Engine/Content/EngineMaterials/WeightMapPlaceholderTexture.uasset" 201
"../../../Engine/Content/EngineMaterials/WeightMapPlaceholderTexture.uexp" 202
"../../../Engine/Content/EngineResources/WhiteSquareTexture.uasset" 203
"../../../Engine/Content/EngineResources/WhiteSquareTexture.uexp" 204
"../../../Engine/Content/EngineMaterials/Widget3DPassThrough.uasset" 205
"../../../Engine/Content/EngineMaterials/Widget3DPassThrough.uexp" 206
"../../../Engine/Content/EngineMaterials/Widget3DPassThrough_Masked.uasset" 207
"../../../Engine/Content/EngineMaterials/Widget3DPassThrough_Masked.uexp" 208
"../../../Engine/Content/EngineMaterials/Widget3DPassThrough_Opaque.uasset" 209
"../../../Engine/Content/EngineMaterials/Widget3DPassThrough_Opaque.uexp" 210
"../../../Engine/Content/EngineMaterials/Widget3DPassThrough_Masked_OneSided.uasset" 211
"../../../Engine/Content/EngineMaterials/Widget3DPassThrough_Masked_OneSided.uexp" 212
"../../../Engine/Content/EngineMaterials/Widget3DPassThrough_Opaque_OneSided.uasset" 213
"../../../Engine/Content/EngineMaterials/Widget3DPassThrough_Opaque_OneSided.uexp" 214
"../../../Engine/Content/EngineMaterials/Widget3DPassThrough_Translucent.uasset" 215
"../../../Engine/Content/EngineMaterials/Widget3DPassThrough_Translucent.uexp" 216
"../../../Engine/Content/EngineMaterials/Widget3DPassThrough_Translucent_OneSided.uasset" 217
"../../../Engine/Content/EngineMaterials/Widget3DPassThrough_Translucent_OneSided.uexp" 218
"../../../Engine/Content/EngineMaterials/DefaultMaterial.uasset" 219
"../../../Engine/Content/EngineMaterials/DefaultMaterial.uexp" 220
"../../../Engine/Content/EngineMeshes/Cylinder.uasset" 221
"../../../Engine/Content/EngineMeshes/Cylinder.uexp" 222
"../../../Engine/Content/EngineMeshes/Sphere.uasset" 223
"../../../Engine/Content/EngineMeshes/Sphere.uexp" 224
"../../../Engine/Content/EngineResources/DefaultTexture.uasset" 225
"../../../Engine/Content/EngineResources/DefaultTexture.uexp" 226
"../../../Engine/Content/EngineResources/DefaultTexture.ubulk" 227
"../../../Engine/Content/EngineResources/DefaultTextureCube.uasset" 228
"../../../Engine/Content/EngineResources/DefaultTextureCube.uexp" 229
"../../../Engine/Content/EngineResources/DefaultVolumeTexture2D.uasset" 230
"../../../Engine/Content/EngineResources/DefaultVolumeTexture2D.uexp" 231
"../../../Engine/Content/EngineResources/DefaultVolumeTexture.uasset" 232
"../../../Engine/Content/EngineResources/DefaultVolumeTexture.uexp" 233
"../../../Engine/Content/EngineResources/GradientTexture0.uasset" 234
"../../../Engine/Content/EngineResources/GradientTexture0.uexp" 235
"../../../Engine/Content/EngineSky/VolumetricClouds/T_NoiseShape64.uasset" 236
"../../../Engine/Content/EngineSky/VolumetricClouds/T_NoiseShape64.uexp" 237
"../../../Engine/Content/EngineSky/VolumetricClouds/T_NoiseShape64.ubulk" 238
"../../../Engine/Content/EngineSky/VolumetricClouds/T_VolumeNoiseShape64.uasset" 239
"../../../Engine/Content/EngineSky/VolumetricClouds/T_VolumeNoiseShape64.uexp" 240
"../../../Engine/Content/EngineSky/VolumetricClouds/T_NoiseErosion.uasset" 241
"../../../Engine/Content/EngineSky/VolumetricClouds/T_NoiseErosion.uexp" 242
"../../../Engine/Content/EngineSky/VolumetricClouds/T_NoiseErosion.ubulk" 243
"../../../Engine/Content/EngineSky/VolumetricClouds/T_VolumeNoiseErosion32.uasset" 244
"../../../Engine/Content/EngineSky/VolumetricClouds/T_VolumeNoiseErosion32.uexp" 245
"../../../Engine/Content/Functions/Engine_MaterialFunctions02/Utility/MakeFloat2.uasset" 246
"../../../Engine/Content/Functions/Engine_MaterialFunctions02/Utility/MakeFloat2.uexp" 247
"../../../Engine/Content/EngineSky/VolumetricClouds/CloudWeatherTexture.uasset" 248
"../../../Engine/Content/EngineSky/VolumetricClouds/CloudWeatherTexture.uexp" 249
"../../../Engine/Content/EngineSky/VolumetricClouds/CloudGradientTexture.uasset" 250
"../../../Engine/Content/EngineSky/VolumetricClouds/CloudGradientTexture.uexp" 251
"../../../Engine/Content/EngineSky/VolumetricClouds/m_SimpleVolumetricCloud.uasset" 252
"../../../Engine/Content/EngineSky/VolumetricClouds/m_SimpleVolumetricCloud.uexp" 253
"../../../Engine/Content/EngineSky/VolumetricClouds/m_SimpleVolumetricCloud_Inst.uasset" 254
"../../../Engine/Content/EngineSky/VolumetricClouds/m_SimpleVolumetricCloud_Inst.uexp" 255
"../../../Engine/Content/EngineSounds/Master.uasset" 256
"../../../Engine/Content/EngineSounds/Master.uexp" 257
"../../../Engine/Content/Functions/Engine_MaterialFunctions01/Shading/PowerToRoughness.uasset" 258
"../../../Engine/Content/Functions/Engine_MaterialFunctions01/Shading/PowerToRoughness.uexp" 259
"../../../Engine/Content/Maps/Templates/Thumbnails/Default.uasset" 260
"../../../Engine/Content/Maps/Templates/Thumbnails/Default.uexp" 261
"../../../Engine/Content/Maps/Templates/Thumbnails/TimeOfDay.uasset" 262
"../../../Engine/Content/Maps/Templates/Thumbnails/TimeOfDay.uexp" 263
"../../../Engine/Content/Maps/Templates/Thumbnails/VR-Basic.uasset" 264
"../../../Engine/Content/Maps/Templates/Thumbnails/VR-Basic.uexp" 265
"../../../Engine/Content/MobileResources/T_MobileControls_texture.uasset" 266
"../../../Engine/Content/MobileResources/T_MobileControls_texture.uexp" 267
"../../../Engine/Content/MobileResources/T_MobileMenu2.uasset" 268
"../../../Engine/Content/MobileResources/T_MobileMenu2.uexp" 269
"../../../Engine/Content/MobileResources/HUD/AnalogHat.uasset" 270
"../../../Engine/Content/MobileResources/HUD/AnalogHat.uexp" 271
"../../../Engine/Content/MobileResources/HUD/VirtualJoystick_Thumb.uasset" 272
"../../../Engine/Content/MobileResources/HUD/VirtualJoystick_Thumb.uexp" 273
"../../../Engine/Content/MobileResources/HUD/VirtualJoystick_Background.uasset" 274
"../../../Engine/Content/MobileResources/HUD/VirtualJoystick_Background.uexp" 275
"../../../Engine/Content/MobileResources/HUD/DefaultVirtualJoysticks.uasset" 276
"../../../Engine/Content/MobileResources/HUD/DefaultVirtualJoysticks.uexp" 277
"../../../Engine/Content/MobileResources/HUD/LeftVirtualJoystickOnly.uasset" 278
"../../../Engine/Content/MobileResources/HUD/LeftVirtualJoystickOnly.uexp" 279
"../../../Engine/Content/MobileResources/HUD/MobileHUDButton1_off.uasset" 280
"../../../Engine/Content/MobileResources/HUD/MobileHUDButton1_off.uexp" 281
"../../../Engine/Content/MobileResources/HUD/MobileHUDButton1_on.uasset" 282
"../../../Engine/Content/MobileResources/HUD/MobileHUDButton1_on.uexp" 283
"../../../Engine/Content/MobileResources/HUD/MobileHUDButton2_off.uasset" 284
"../../../Engine/Content/MobileResources/HUD/MobileHUDButton2_off.uexp" 285
"../../../Engine/Content/MobileResources/HUD/MobileHUDButton2_on.uasset" 286
"../../../Engine/Content/MobileResources/HUD/MobileHUDButton2_on.uexp" 287
"../../../Engine/Content/MobileResources/HUD/MobileHUDButton3.uasset" 288
"../../../Engine/Content/MobileResources/HUD/MobileHUDButton3.uexp" 289
"../../../Engine/Content/MobileResources/HUD/MobileHUDButtonFire.uasset" 290
"../../../Engine/Content/MobileResources/HUD/MobileHUDButtonFire.uexp" 291
"../../../Engine/Content/MobileResources/HUD/MobileHUDDirectionPad.uasset" 292
"../../../Engine/Content/MobileResources/HUD/MobileHUDDirectionPad.uexp" 293
"../../../Engine/Content/MobileResources/HUD/MobileHUDDirectionPad2.uasset" 294
"../../../Engine/Content/MobileResources/HUD/MobileHUDDirectionPad2.uexp" 295
"../../../Engine/Content/MobileResources/HUD/MobileHUDDirectionPad3.uasset" 296
"../../../Engine/Content/MobileResources/HUD/MobileHUDDirectionPad3.uexp" 297
"../../../Engine/Content/MobileResources/HUD/MobileHUDDirectionStick.uasset" 298
"../../../Engine/Content/MobileResources/HUD/MobileHUDDirectionStick.uexp" 299
"../../../Engine/Content/MobileResources/HUD/T_Castle_ThumbstickInner.uasset" 300
"../../../Engine/Content/MobileResources/HUD/T_Castle_ThumbstickInner.uexp" 301
"../../../Engine/Content/MobileResources/HUD/T_Castle_ThumbstickOutter.uasset" 302
"../../../Engine/Content/MobileResources/HUD/T_Castle_ThumbstickOutter.uexp" 303
"../../../Engine/Content/Tutorial/ContentIntroCurve.uasset" 304
"../../../Engine/Content/Tutorial/ContentIntroCurve.uexp" 305
"../../../Engine/Content/VREditor/TransformGizmo/TranslucentTransformGizmoMaterial.uasset" 306
"../../../Engine/Content/VREditor/TransformGizmo/TranslucentTransformGizmoMaterial.uexp" 307
"../../../Engine/Content/VREditor/LaserPointer/VR_LaserPower_01.uasset" 308
"../../../Engine/Content/VREditor/LaserPointer/VR_LaserPower_01.uexp" 309
"../../../Engine/Content/VREditor/LaserPointer/VR_LaserPower_01.ubulk" 310
"../../../Engine/Content/VREditor/TransformGizmo/TransformGizmoMaterial.uasset" 311
"../../../Engine/Content/VREditor/TransformGizmo/TransformGizmoMaterial.uexp" 312
"../../../Engine/Content/VREditor/TransformGizmo/BoundingBoxCorner.uasset" 313
"../../../Engine/Content/VREditor/TransformGizmo/BoundingBoxCorner.uexp" 314
"../../../Engine/Content/VREditor/TransformGizmo/BoundingBoxEdge.uasset" 315
"../../../Engine/Content/VREditor/TransformGizmo/BoundingBoxEdge.uexp" 316
"../../../Engine/Content/VREditor/TransformGizmo/PlaneTranslationHandle.uasset" 317
"../../../Engine/Content/VREditor/TransformGizmo/PlaneTranslationHandle.uexp" 318
"../../../Engine/Content/VREditor/TransformGizmo/Xray.uasset" 319
"../../../Engine/Content/VREditor/TransformGizmo/Xray.uexp" 320
"../../../Engine/Content/VREditor/TransformGizmo/Main.uasset" 321
"../../../Engine/Content/VREditor/TransformGizmo/Main.uexp" 322
"../../../Engine/Content/VREditor/TransformGizmo/SM_Sequencer_Key.uasset" 323
"../../../Engine/Content/VREditor/TransformGizmo/SM_Sequencer_Key.uexp" 324
"../../../Engine/Content/VREditor/TransformGizmo/SM_Sequencer_Node.uasset" 325
"../../../Engine/Content/VREditor/TransformGizmo/SM_Sequencer_Node.uexp" 326
"../../../Engine/Plugins/2D/Paper2D/Content/PlaceholderTextures/DummySpriteTexture.uasset" 327
"../../../Engine/Plugins/2D/Paper2D/Content/PlaceholderTextures/DummySpriteTexture.uexp" 328
"../../../Engine/Plugins/2D/Paper2D/Content/PlaceholderTextures/DummySpriteTexture.ubulk" 329
"../../../Engine/Plugins/2D/Paper2D/Content/DummySprite.uasset" 330
"../../../Engine/Plugins/2D/Paper2D/Content/DummySprite.uexp" 331
"../../../Engine/Plugins/2D/Paper2D/Content/DefaultPaperTerrainMaterial.uasset" 332
"../../../Engine/Plugins/2D/Paper2D/Content/DefaultPaperTerrainMaterial.uexp" 333
"../../../Engine/Plugins/2D/Paper2D/Content/DefaultSpriteMaterial.uasset" 334
"../../../Engine/Plugins/2D/Paper2D/Content/DefaultSpriteMaterial.uexp" 335
"../../../Engine/Plugins/2D/Paper2D/Content/MaskedUnlitSpriteMaterial.uasset" 336
"../../../Engine/Plugins/2D/Paper2D/Content/MaskedUnlitSpriteMaterial.uexp" 337
"../../../Engine/Plugins/2D/Paper2D/Content/OpaqueUnlitSpriteMaterial.uasset" 338
"../../../Engine/Plugins/2D/Paper2D/Content/OpaqueUnlitSpriteMaterial.uexp" 339
"../../../Engine/Content/Functions/Engine_MaterialFunctions02/ObjectLocalBounds.uasset" 340
"../../../Engine/Content/Functions/Engine_MaterialFunctions02/ObjectLocalBounds.uexp" 341
"../../../Engine/Content/Functions/Engine_MaterialFunctions02/Utility/VectorLength.uasset" 342
"../../../Engine/Content/Functions/Engine_MaterialFunctions02/Utility/VectorLength.uexp" 343
"../../../Engine/Content/Functions/Engine_MaterialFunctions02/WorldPositionOffset/ObjectScale.uasset" 344
"../../../Engine/Content/Functions/Engine_MaterialFunctions02/WorldPositionOffset/ObjectScale.uexp" 345
"../../../Engine/Content/Functions/Engine_MaterialFunctions02/Utility/BreakOutFloat3Components.uasset" 346
"../../../Engine/Content/Functions/Engine_MaterialFunctions02/Utility/BreakOutFloat3Components.uexp" 347
"../../../Engine/Plugins/Editor/SpeedTreeImporter/Content/SpeedTree9/UnpackInteger3.uasset" 348
"../../../Engine/Plugins/Editor/SpeedTreeImporter/Content/SpeedTree9/UnpackInteger3.uexp" 349
"../../../Engine/Plugins/Editor/SpeedTreeImporter/Content/SpeedTree9/UnpackDirection.uasset" 350
"../../../Engine/Plugins/Editor/SpeedTreeImporter/Content/SpeedTree9/UnpackDirection.uexp" 351
"../../../Engine/Plugins/Editor/SpeedTreeImporter/Content/SpeedTree9/game_wind_noise.uasset" 352
"../../../Engine/Plugins/Editor/SpeedTreeImporter/Content/SpeedTree9/game_wind_noise.uexp" 353
"../../../Engine/Plugins/Editor/SpeedTreeImporter/Content/SpeedTree9/game_wind_noise.ubulk" 354
"../../../Engine/Content/Functions/Engine_MaterialFunctions02/SafeNormalize.uasset" 355
"../../../Engine/Content/Functions/Engine_MaterialFunctions02/SafeNormalize.uexp" 356
"../../../Engine/Plugins/Editor/SpeedTreeImporter/Content/SpeedTree9/SpeedTreeWindMotion.uasset" 357
"../../../Engine/Plugins/Editor/SpeedTreeImporter/Content/SpeedTree9/SpeedTreeWindMotion.uexp" 358
"../../../Engine/Plugins/Editor/SpeedTreeImporter/Content/SpeedTree9/SpeedTreeBranchMotion.uasset" 359
"../../../Engine/Plugins/Editor/SpeedTreeImporter/Content/SpeedTree9/SpeedTreeBranchMotion.uexp" 360
"../../../Engine/Content/Functions/Engine_MaterialFunctions02/UVs/BoundingBoxBased_0-1_UVW.uasset" 361
"../../../Engine/Content/Functions/Engine_MaterialFunctions02/UVs/BoundingBoxBased_0-1_UVW.uexp" 362
"../../../Engine/Plugins/Editor/SpeedTreeImporter/Content/SpeedTree9/SpeedTreeWind.uasset" 363
"../../../Engine/Plugins/Editor/SpeedTreeImporter/Content/SpeedTree9/SpeedTreeWind.uexp" 364
"../../../Engine/Plugins/Editor/SpeedTreeImporter/Content/SpeedTree9/SpeedTreeBillboard.uasset" 365
"../../../Engine/Plugins/Editor/SpeedTreeImporter/Content/SpeedTree9/SpeedTreeBillboard.uexp" 366
"../../../Engine/Plugins/Editor/SpeedTreeImporter/Content/SpeedTree9/EmptyNormal.uasset" 367
"../../../Engine/Plugins/Editor/SpeedTreeImporter/Content/SpeedTree9/EmptyNormal.uexp" 368
"../../../Engine/Plugins/Editor/SpeedTreeImporter/Content/SpeedTree9/Empty.uasset" 369
"../../../Engine/Plugins/Editor/SpeedTreeImporter/Content/SpeedTree9/Empty.uexp" 370
"../../../Engine/Plugins/Editor/SpeedTreeImporter/Content/SpeedTree9/SpeedTreeBillboardMaster.uasset" 371
"../../../Engine/Plugins/Editor/SpeedTreeImporter/Content/SpeedTree9/SpeedTreeBillboardMaster.uexp" 372
"../../../Engine/Plugins/Editor/SpeedTreeImporter/Content/SpeedTree9/SpeedTreeCameraFacing.uasset" 373
"../../../Engine/Plugins/Editor/SpeedTreeImporter/Content/SpeedTree9/SpeedTreeCameraFacing.uexp" 374
"../../../Engine/Plugins/Editor/SpeedTreeImporter/Content/SpeedTree9/SpeedTreeMaster.uasset" 375
"../../../Engine/Plugins/Editor/SpeedTreeImporter/Content/SpeedTree9/SpeedTreeMaster.uexp" 376
"../../../Engine/Content/ArtTools/RenderToTexture/Materials/Debug/M_Emissive_Color.uasset" 377
"../../../Engine/Content/ArtTools/RenderToTexture/Materials/Debug/M_Emissive_Color.uexp" 378
"../../../Engine/Content/BasicShapes/Cylinder.uasset" 379
"../../../Engine/Content/BasicShapes/Cylinder.uexp" 380
"../../../Engine/Plugins/Lumin/MagicLeapPassableWorld/Content/MagicLeapARPinInfoActor.uasset" 381
"../../../Engine/Plugins/Lumin/MagicLeapPassableWorld/Content/MagicLeapARPinInfoActor.uexp" 382
"../../../Engine/Plugins/Runtime/OpenXR/Content/Devices/GoogleDaydream/MRTexture.uasset" 383
"../../../Engine/Plugins/Runtime/OpenXR/Content/Devices/GoogleDaydream/MRTexture.uexp" 384
"../../../Engine/Plugins/Runtime/OpenXR/Content/Devices/GoogleDaydream/MRTexture.ubulk" 385
"../../../Engine/Plugins/Runtime/OpenXR/Content/Devices/GoogleDaydream/BaseTexture.uasset" 386
"../../../Engine/Plugins/Runtime/OpenXR/Content/Devices/GoogleDaydream/BaseTexture.uexp" 387
"../../../Engine/Plugins/Runtime/OpenXR/Content/Devices/GoogleDaydream/BaseTexture.ubulk" 388
"../../../Engine/Content/EngineResources/Black.uasset" 389
"../../../Engine/Content/EngineResources/Black.uexp" 390
"../../../Engine/Plugins/Runtime/OpenXR/Content/Devices/M_XRController.uasset" 391
"../../../Engine/Plugins/Runtime/OpenXR/Content/Devices/M_XRController.uexp" 392
"../../../Engine/Plugins/Runtime/OpenXR/Content/Devices/GoogleDaydream/MI_GoogleDaydream.uasset" 393
"../../../Engine/Plugins/Runtime/OpenXR/Content/Devices/GoogleDaydream/MI_GoogleDaydream.uexp" 394
"../../../Engine/Plugins/Runtime/OpenXR/Content/Devices/GoogleDaydream/GoogleDaydreamController.uasset" 395
"../../../Engine/Plugins/Runtime/OpenXR/Content/Devices/GoogleDaydream/GoogleDaydreamController.uexp" 396
"../../../Engine/Plugins/Runtime/OpenXR/Content/Devices/HTCVive/BaseTexture.uasset" 397
"../../../Engine/Plugins/Runtime/OpenXR/Content/Devices/HTCVive/BaseTexture.uexp" 398
"../../../Engine/Plugins/Runtime/OpenXR/Content/Devices/HTCVive/BaseTexture.ubulk" 399
"../../../Engine/Plugins/Runtime/OpenXR/Content/Devices/HTCVive/MI_HTCVive.uasset" 400
"../../../Engine/Plugins/Runtime/OpenXR/Content/Devices/HTCVive/MI_HTCVive.uexp" 401
"../../../Engine/Plugins/Runtime/OpenXR/Content/Devices/HTCVive/HTCViveController.uasset" 402
"../../../Engine/Plugins/Runtime/OpenXR/Content/Devices/HTCVive/HTCViveController.uexp" 403
"../../../Engine/Plugins/Runtime/OpenXR/Content/Devices/MicrosoftMixedReality/NormalTexture.uasset" 404
"../../../Engine/Plugins/Runtime/OpenXR/Content/Devices/MicrosoftMixedReality/NormalTexture.uexp" 405
"../../../Engine/Plugins/Runtime/OpenXR/Content/Devices/MicrosoftMixedReality/NormalTexture.ubulk" 406
"../../../Engine/Plugins/Runtime/OpenXR/Content/Devices/MicrosoftMixedReality/MRTexture.uasset" 407
"../../../Engine/Plugins/Runtime/OpenXR/Content/Devices/MicrosoftMixedReality/MRTexture.uexp" 408
"../../../Engine/Plugins/Runtime/OpenXR/Content/Devices/MicrosoftMixedReality/MRTexture.ubulk" 409
"../../../Engine/Plugins/Runtime/OpenXR/Content/Devices/MicrosoftMixedReality/EmissiveTexture.uasset" 410
"../../../Engine/Plugins/Runtime/OpenXR/Content/Devices/MicrosoftMixedReality/EmissiveTexture.uexp" 411
"../../../Engine/Plugins/Runtime/OpenXR/Content/Devices/MicrosoftMixedReality/EmissiveTexture.ubulk" 412
"../../../Engine/Plugins/Runtime/OpenXR/Content/Devices/MicrosoftMixedReality/BaseTexture.uasset" 413
"../../../Engine/Plugins/Runtime/OpenXR/Content/Devices/MicrosoftMixedReality/BaseTexture.uexp" 414
"../../../Engine/Plugins/Runtime/OpenXR/Content/Devices/MicrosoftMixedReality/BaseTexture.ubulk" 415
"../../../Engine/Plugins/Runtime/OpenXR/Content/Devices/MicrosoftMixedReality/MI_MicrosoftMixedReality.uasset" 416
"../../../Engine/Plugins/Runtime/OpenXR/Content/Devices/MicrosoftMixedReality/MI_MicrosoftMixedReality.uexp" 417
"../../../Engine/Plugins/Runtime/OpenXR/Content/Devices/MicrosoftMixedReality/Left/left_MicrosoftMixedRealityController.uasset" 418
"../../../Engine/Plugins/Runtime/OpenXR/Content/Devices/MicrosoftMixedReality/Left/left_MicrosoftMixedRealityController.uexp" 419
"../../../Engine/Plugins/Runtime/OpenXR/Content/Devices/MicrosoftMixedReality/Right/right_MicrosoftMixedRealityController.uasset" 420
"../../../Engine/Plugins/Runtime/OpenXR/Content/Devices/MicrosoftMixedReality/Right/right_MicrosoftMixedRealityController.uexp" 421
"../../../Engine/Plugins/Runtime/OpenXR/Content/Devices/OculusGo/BaseTexture.uasset" 422
"../../../Engine/Plugins/Runtime/OpenXR/Content/Devices/OculusGo/BaseTexture.uexp" 423
"../../../Engine/Plugins/Runtime/OpenXR/Content/Devices/OculusGo/BaseTexture.ubulk" 424
"../../../Engine/Plugins/Runtime/OpenXR/Content/Devices/OculusGo/MI_OculusGo.uasset" 425
"../../../Engine/Plugins/Runtime/OpenXR/Content/Devices/OculusGo/MI_OculusGo.uexp" 426
"../../../Engine/Plugins/Runtime/OpenXR/Content/Devices/OculusGo/OculusGoController.uasset" 427
"../../../Engine/Plugins/Runtime/OpenXR/Content/Devices/OculusGo/OculusGoController.uexp" 428
"../../../Engine/Plugins/Runtime/OpenXR/Content/Devices/OculusTouch/MRTexture.uasset" 429
"../../../Engine/Plugins/Runtime/OpenXR/Content/Devices/OculusTouch/MRTexture.uexp" 430
"../../../Engine/Plugins/Runtime/OpenXR/Content/Devices/OculusTouch/MRTexture.ubulk" 431
"../../../Engine/Plugins/Runtime/OpenXR/Content/Devices/OculusTouch/BaseTexture.uasset" 432
"../../../Engine/Plugins/Runtime/OpenXR/Content/Devices/OculusTouch/BaseTexture.uexp" 433
"../../../Engine/Plugins/Runtime/OpenXR/Content/Devices/OculusTouch/BaseTexture.ubulk" 434
"../../../Engine/Plugins/Runtime/OpenXR/Content/Devices/OculusTouch/MI_OculusTouch.uasset" 435
"../../../Engine/Plugins/Runtime/OpenXR/Content/Devices/OculusTouch/MI_OculusTouch.uexp" 436
"../../../Engine/Plugins/Runtime/OpenXR/Content/Devices/OculusTouch/Left/left_OculusTouchController.uasset" 437
"../../../Engine/Plugins/Runtime/OpenXR/Content/Devices/OculusTouch/Left/left_OculusTouchController.uexp" 438
"../../../Engine/Plugins/Runtime/OpenXR/Content/Devices/OculusTouch/Right/right_OculusTouchController.uasset" 439
"../../../Engine/Plugins/Runtime/OpenXR/Content/Devices/OculusTouch/Right/right_OculusTouchController.uexp" 440
"../../../Engine/Plugins/Runtime/OpenXR/Content/Devices/OculusTouch_v2/MRTexture.uasset" 441
"../../../Engine/Plugins/Runtime/OpenXR/Content/Devices/OculusTouch_v2/MRTexture.uexp" 442
"../../../Engine/Plugins/Runtime/OpenXR/Content/Devices/OculusTouch_v2/MRTexture.ubulk" 443
"../../../Engine/Plugins/Runtime/OpenXR/Content/Devices/OculusTouch_v2/BaseTexture.uasset" 444
"../../../Engine/Plugins/Runtime/OpenXR/Content/Devices/OculusTouch_v2/BaseTexture.uexp" 445
"../../../Engine/Plugins/Runtime/OpenXR/Content/Devices/OculusTouch_v2/BaseTexture.ubulk" 446
"../../../Engine/Plugins/Runtime/OpenXR/Content/Devices/OculusTouch_v2/MI_OculusTouch_v2.uasset" 447
"../../../Engine/Plugins/Runtime/OpenXR/Content/Devices/OculusTouch_v2/MI_OculusTouch_v2.uexp" 448
"../../../Engine/Plugins/Runtime/OpenXR/Content/Devices/OculusTouch_v2/Left/left_OculusTouch_v2Controller.uasset" 449
"../../../Engine/Plugins/Runtime/OpenXR/Content/Devices/OculusTouch_v2/Left/left_OculusTouch_v2Controller.uexp" 450
"../../../Engine/Plugins/Runtime/OpenXR/Content/Devices/OculusTouch_v2/Right/right_OculusTouch_v2Controller.uasset" 451
"../../../Engine/Plugins/Runtime/OpenXR/Content/Devices/OculusTouch_v2/Right/right_OculusTouch_v2Controller.uexp" 452
"../../../Engine/Plugins/Runtime/OpenXR/Content/Devices/OculusTouch_v3/MRTexture.uasset" 453
"../../../Engine/Plugins/Runtime/OpenXR/Content/Devices/OculusTouch_v3/MRTexture.uexp" 454
"../../../Engine/Plugins/Runtime/OpenXR/Content/Devices/OculusTouch_v3/MRTexture.ubulk" 455
"../../../Engine/Plugins/Runtime/OpenXR/Content/Devices/OculusTouch_v3/BaseTexture.uasset" 456
"../../../Engine/Plugins/Runtime/OpenXR/Content/Devices/OculusTouch_v3/BaseTexture.uexp" 457
"../../../Engine/Plugins/Runtime/OpenXR/Content/Devices/OculusTouch_v3/BaseTexture.ubulk" 458
"../../../Engine/Plugins/Runtime/OpenXR/Content/Devices/OculusTouch_v3/MI_OculusTouch_v3.uasset" 459
"../../../Engine/Plugins/Runtime/OpenXR/Content/Devices/OculusTouch_v3/MI_OculusTouch_v3.uexp" 460
"../../../Engine/Plugins/Runtime/OpenXR/Content/Devices/OculusTouch_v3/Left/left_OculusTouch_v3Controller.uasset" 461
"../../../Engine/Plugins/Runtime/OpenXR/Content/Devices/OculusTouch_v3/Left/left_OculusTouch_v3Controller.uexp" 462
"../../../Engine/Plugins/Runtime/OpenXR/Content/Devices/OculusTouch_v3/Right/right_OculusTouch_v3Controller.uasset" 463
"../../../Engine/Plugins/Runtime/OpenXR/Content/Devices/OculusTouch_v3/Right/right_OculusTouch_v3Controller.uexp" 464
"../../../Engine/Plugins/Runtime/OpenXR/Content/Devices/ValveIndex/MRTexture.uasset" 465
"../../../Engine/Plugins/Runtime/OpenXR/Content/Devices/ValveIndex/MRTexture.uexp" 466
"../../../Engine/Plugins/Runtime/OpenXR/Content/Devices/ValveIndex/MRTexture.ubulk" 467
"../../../Engine/Plugins/Runtime/OpenXR/Content/Devices/ValveIndex/BaseTexture.uasset" 468
"../../../Engine/Plugins/Runtime/OpenXR/Content/Devices/ValveIndex/BaseTexture.uexp" 469
"../../../Engine/Plugins/Runtime/OpenXR/Content/Devices/ValveIndex/BaseTexture.ubulk" 470
"../../../Engine/Plugins/Runtime/OpenXR/Content/Devices/ValveIndex/Left/MI_left_ValveIndex.uasset" 471
"../../../Engine/Plugins/Runtime/OpenXR/Content/Devices/ValveIndex/Left/MI_left_ValveIndex.uexp" 472
"../../../Engine/Plugins/Runtime/OpenXR/Content/Devices/ValveIndex/Left/left_ValveIndexController.uasset" 473
"../../../Engine/Plugins/Runtime/OpenXR/Content/Devices/ValveIndex/Left/left_ValveIndexController.uexp" 474
"../../../Engine/Plugins/Runtime/OpenXR/Content/Devices/ValveIndex/Right/MI_right_ValveIndex.uasset" 475
"../../../Engine/Plugins/Runtime/OpenXR/Content/Devices/ValveIndex/Right/MI_right_ValveIndex.uexp" 476
"../../../Engine/Plugins/Runtime/OpenXR/Content/Devices/ValveIndex/Right/right_ValveIndexController.uasset" 477
"../../../Engine/Plugins/Runtime/OpenXR/Content/Devices/ValveIndex/Right/right_ValveIndexController.uexp" 478
"../../../Engine/Content/Functions/Engine_MaterialFunctions02/Utility/MakeFloat3.uasset" 479
"../../../Engine/Content/Functions/Engine_MaterialFunctions02/Utility/MakeFloat3.uexp" 480
"../../../Engine/Content/Functions/Engine_MaterialFunctions02/Utility/BreakOutFloat4Components.uasset" 481
"../../../Engine/Content/Functions/Engine_MaterialFunctions02/Utility/BreakOutFloat4Components.uexp" 482
"../../../Engine/Plugins/Runtime/Oculus/OculusVR/Content/Materials/OculusMR_ChromaKey.uasset" 483
"../../../Engine/Plugins/Runtime/Oculus/OculusVR/Content/Materials/OculusMR_ChromaKey.uexp" 484
"../../../Engine/Plugins/Runtime/Oculus/OculusVR/Content/Materials/OculusMR_OpaqueColoredMaterial.uasset" 485
"../../../Engine/Plugins/Runtime/Oculus/OculusVR/Content/Materials/OculusMR_OpaqueColoredMaterial.uexp" 486
"../../../Engine/Plugins/Runtime/Oculus/OculusVR/Content/Materials/PokeAHoleMaterial.uasset" 487
"../../../Engine/Plugins/Runtime/Oculus/OculusVR/Content/Materials/PokeAHoleMaterial.uexp" 488
"../../../Engine/Plugins/Runtime/Oculus/OculusVR/Content/Textures/touchController_controlmap.uasset" 489
"../../../Engine/Plugins/Runtime/Oculus/OculusVR/Content/Textures/touchController_controlmap.uexp" 490
"../../../Engine/Plugins/Runtime/Oculus/OculusVR/Content/Textures/touchController_controlmap.ubulk" 491
"../../../Engine/Plugins/Runtime/Oculus/OculusVR/Content/Textures/touchController_albedo.uasset" 492
"../../../Engine/Plugins/Runtime/Oculus/OculusVR/Content/Textures/touchController_albedo.uexp" 493
"../../../Engine/Plugins/Runtime/Oculus/OculusVR/Content/Textures/touchController_albedo.ubulk" 494
"../../../Engine/Plugins/Runtime/Oculus/OculusVR/Content/Materials/touchController_mat.uasset" 495
"../../../Engine/Plugins/Runtime/Oculus/OculusVR/Content/Materials/touchController_mat.uexp" 496
"../../../Engine/Plugins/Runtime/Oculus/OculusVR/Content/Meshes/LeftTouchController.uasset" 497
"../../../Engine/Plugins/Runtime/Oculus/OculusVR/Content/Meshes/LeftTouchController.uexp" 498
"../../../Engine/Plugins/Runtime/Oculus/OculusVR/Content/Textures/TouchForQuestRiftSController_albedo.uasset" 499
"../../../Engine/Plugins/Runtime/Oculus/OculusVR/Content/Textures/TouchForQuestRiftSController_albedo.uexp" 500
"../../../Engine/Plugins/Runtime/Oculus/OculusVR/Content/Textures/TouchForQuestRiftSController_albedo.ubulk" 501
"../../../Engine/Plugins/Runtime/Oculus/OculusVR/Content/Materials/TouchForQuestRiftSControllerMaterial.uasset" 502
"../../../Engine/Plugins/Runtime/Oculus/OculusVR/Content/Materials/TouchForQuestRiftSControllerMaterial.uexp" 503
"../../../Engine/Plugins/Runtime/Oculus/OculusVR/Content/Meshes/LeftTouchForQuestRiftSController.uasset" 504
"../../../Engine/Plugins/Runtime/Oculus/OculusVR/Content/Meshes/LeftTouchForQuestRiftSController.uexp" 505
"../../../Engine/Plugins/Runtime/Oculus/OculusVR/Content/Meshes/RiftHMD.uasset" 506
"../../../Engine/Plugins/Runtime/Oculus/OculusVR/Content/Meshes/RiftHMD.uexp" 507
"../../../Engine/Plugins/Runtime/Oculus/OculusVR/Content/Meshes/RightTouchController.uasset" 508
"../../../Engine/Plugins/Runtime/Oculus/OculusVR/Content/Meshes/RightTouchController.uexp" 509
"../../../Engine/Plugins/Runtime/Oculus/OculusVR/Content/Meshes/RightTouchForQuestRiftSController.uasset" 510
"../../../Engine/Plugins/Runtime/Oculus/OculusVR/Content/Meshes/RightTouchForQuestRiftSController.uexp" 511
"../../../Engine/Content/MapTemplates/SM_Template_Map_Floor.uasset" 512
"../../../Engine/Content/MapTemplates/SM_Template_Map_Floor.uexp" 513
"../../../Engine/Content/EngineSky/T_Sky_Stars.uasset" 514
"../../../Engine/Content/EngineSky/T_Sky_Stars.uexp" 515
"../../../Engine/Content/EngineSky/T_Sky_Stars.ubulk" 516
"../../../Engine/Content/EngineSky/T_Sky_Clouds_M.uasset" 517
"../../../Engine/Content/EngineSky/T_Sky_Clouds_M.uexp" 518
"../../../Engine/Content/EngineSky/T_Sky_Clouds_M.ubulk" 519
"../../../Engine/Content/EngineSky/T_Sky_Blue.uasset" 520
"../../../Engine/Content/EngineSky/T_Sky_Blue.uexp" 521
"../../../Engine/Content/EngineSky/T_Sky_Blue.ubulk" 522
"../../../Engine/Content/BasicShapes/Cube.uasset" 523
"../../../Engine/Content/BasicShapes/Cube.uexp" 524
"C:/Users/spaan/OneDrive/Documenten/GitHub/ProjectBobi/Content/Materials/CellShadingMatt.uasset" 525
"C:/Users/spaan/OneDrive/Documenten/GitHub/ProjectBobi/Content/Materials/CellShadingMatt.uexp" 526
"C:/Users/spaan/OneDrive/Documenten/GitHub/ProjectBobi/Content/Materials/CellShadingMatt_Inst.uasset" 527
"C:/Users/spaan/OneDrive/Documenten/GitHub/ProjectBobi/Content/Materials/CellShadingMatt_Inst.uexp" 528
"../../../Engine/Content/EngineSky/M_Sky_Panning_Clouds2.uasset" 529
"../../../Engine/Content/EngineSky/M_Sky_Panning_Clouds2.uexp" 530
"C:/Users/spaan/OneDrive/Documenten/GitHub/ProjectBobi/Content/EmptyLevel_BuiltData.uasset" 531
"C:/Users/spaan/OneDrive/Documenten/GitHub/ProjectBobi/Content/EmptyLevel_BuiltData.uexp" 532
"C:/Users/spaan/OneDrive/Documenten/GitHub/ProjectBobi/Content/EmptyLevel_BuiltData.ubulk" 533
"../../../Engine/Content/EditorBlueprintResources/StandardMacros.uasset" 534
"../../../Engine/Content/EditorBlueprintResources/StandardMacros.uexp" 535
"../../../Engine/Content/EngineSky/SM_SkySphere.uasset" 536
"../../../Engine/Content/EngineSky/SM_SkySphere.uexp" 537
"../../../Engine/Content/EngineSky/C_Sky_Zenith_Color.uasset" 538
"../../../Engine/Content/EngineSky/C_Sky_Zenith_Color.uexp" 539
"../../../Engine/Content/EngineSky/C_Sky_Horizon_Color.uasset" 540
"../../../Engine/Content/EngineSky/C_Sky_Horizon_Color.uexp" 541
"../../../Engine/Content/EngineSky/C_Sky_Cloud_Color.uasset" 542
"../../../Engine/Content/EngineSky/C_Sky_Cloud_Color.uexp" 543
"../../../Engine/Content/EngineSky/BP_Sky_Sphere.uasset" 544
"../../../Engine/Content/EngineSky/BP_Sky_Sphere.uexp" 545
"C:/Users/spaan/OneDrive/Documenten/GitHub/ProjectBobi/Content/damage_box.uasset" 546
"C:/Users/spaan/OneDrive/Documenten/GitHub/ProjectBobi/Content/damage_box.uexp" 547
"../../../Engine/Content/BasicShapes/Cone.uasset" 548
"../../../Engine/Content/BasicShapes/Cone.uexp" 549
"../../../Engine/Content/BasicShapes/BasicShapeMaterial.uasset" 550
"../../../Engine/Content/BasicShapes/BasicShapeMaterial.uexp" 551
"C:/Users/spaan/OneDrive/Documenten/GitHub/ProjectBobi/Content/CharacterSelectMenu/BP_CustomStart.uasset" 552
"C:/Users/spaan/OneDrive/Documenten/GitHub/ProjectBobi/Content/CharacterSelectMenu/BP_CustomStart.uexp" 553
"C:/Users/spaan/OneDrive/Documenten/GitHub/ProjectBobi/Content/Bobi/BPI_ControllerToCharacter.uasset" 554
"C:/Users/spaan/OneDrive/Documenten/GitHub/ProjectBobi/Content/Bobi/BPI_ControllerToCharacter.uexp" 555
"C:/Users/spaan/OneDrive/Documenten/GitHub/ProjectBobi/Content/Bobi/Punch_-_Pop.uasset" 556
"C:/Users/spaan/OneDrive/Documenten/GitHub/ProjectBobi/Content/Bobi/Punch_-_Pop.uexp" 557
"C:/Users/spaan/OneDrive/Documenten/GitHub/ProjectBobi/Content/Bobi/Audio/Dying.uasset" 558
"C:/Users/spaan/OneDrive/Documenten/GitHub/ProjectBobi/Content/Bobi/Audio/Dying.uexp" 559
"C:/Users/spaan/OneDrive/Documenten/GitHub/ProjectBobi/Content/Bobi/AimCircle.uasset" 560
"C:/Users/spaan/OneDrive/Documenten/GitHub/ProjectBobi/Content/Bobi/AimCircle.uexp" 561
"C:/Users/spaan/OneDrive/Documenten/GitHub/ProjectBobi/Content/Bobi/M_AimCircle.uasset" 562
"C:/Users/spaan/OneDrive/Documenten/GitHub/ProjectBobi/Content/Bobi/M_AimCircle.uexp" 563
"C:/Users/spaan/OneDrive/Documenten/GitHub/ProjectBobi/Content/Bobi/M_AimCircle_P4.uasset" 564
"C:/Users/spaan/OneDrive/Documenten/GitHub/ProjectBobi/Content/Bobi/M_AimCircle_P4.uexp" 565
"C:/Users/spaan/OneDrive/Documenten/GitHub/ProjectBobi/Content/Bobi/M_AimCircle_P3.uasset" 566
"C:/Users/spaan/OneDrive/Documenten/GitHub/ProjectBobi/Content/Bobi/M_AimCircle_P3.uexp" 567
"C:/Users/spaan/OneDrive/Documenten/GitHub/ProjectBobi/Content/Bobi/M_AimCircle_P2.uasset" 568
"C:/Users/spaan/OneDrive/Documenten/GitHub/ProjectBobi/Content/Bobi/M_AimCircle_P2.uexp" 569
"C:/Users/spaan/OneDrive/Documenten/GitHub/ProjectBobi/Content/Bobi/M_AimCircle_P1.uasset" 570
"C:/Users/spaan/OneDrive/Documenten/GitHub/ProjectBobi/Content/Bobi/M_AimCircle_P1.uexp" 571
"../../../Engine/Content/Animation/DefaultAnimCurveCompressionSettings.uasset" 572
"../../../Engine/Content/Animation/DefaultAnimCurveCompressionSettings.uexp" 573
"../../../Engine/Content/Animation/DefaultAnimBoneCompressionSettings.uasset" 574
"../../../Engine/Content/Animation/DefaultAnimBoneCompressionSettings.uexp" 575
"../../../Engine/Content/EngineMeshes/Humanoid.uasset" 576
"../../../Engine/Content/EngineMeshes/Humanoid.uexp" 577
"C:/Users/spaan/OneDrive/Documenten/GitHub/ProjectBobi/Content/Bobi/BlenderToUnrealTut_Skeleton.uasset" 578
"C:/Users/spaan/OneDrive/Documenten/GitHub/ProjectBobi/Content/Bobi/BlenderToUnrealTut_Skeleton.uexp" 579
"C:/Users/spaan/OneDrive/Documenten/GitHub/ProjectBobi/Content/Bobi/Anim/Jog_Right.uasset" 580
"C:/Users/spaan/OneDrive/Documenten/GitHub/ProjectBobi/Content/Bobi/Anim/Jog_Right.uexp" 581
"C:/Users/spaan/OneDrive/Documenten/GitHub/ProjectBobi/Content/Bobi/Anim/Jog_Left.uasset" 582
"C:/Users/spaan/OneDrive/Documenten/GitHub/ProjectBobi/Content/Bobi/Anim/Jog_Left.uexp" 583
"C:/Users/spaan/OneDrive/Documenten/GitHub/ProjectBobi/Content/Bobi/Anim/Jog_Fwd.uasset" 584
"C:/Users/spaan/OneDrive/Documenten/GitHub/ProjectBobi/Content/Bobi/Anim/Jog_Fwd.uexp" 585
"C:/Users/spaan/OneDrive/Documenten/GitHub/ProjectBobi/Content/Bobi/Anim/Jog_Bwd.uasset" 586
"C:/Users/spaan/OneDrive/Documenten/GitHub/ProjectBobi/Content/Bobi/Anim/Jog_Bwd.uexp" 587
"C:/Users/spaan/OneDrive/Documenten/GitHub/ProjectBobi/Content/Bobi/Anim/ThirdPersonIdle.uasset" 588
"C:/Users/spaan/OneDrive/Documenten/GitHub/ProjectBobi/Content/Bobi/Anim/ThirdPersonIdle.uexp" 589
"C:/Users/spaan/OneDrive/Documenten/GitHub/ProjectBobi/Content/Bobi/StrafeBlendspace.uasset" 590
"C:/Users/spaan/OneDrive/Documenten/GitHub/ProjectBobi/Content/Bobi/StrafeBlendspace.uexp" 591
"C:/Users/spaan/OneDrive/Documenten/GitHub/ProjectBobi/Content/Bobi/Anim/ThirdPersonJump_Start.uasset" 592
"C:/Users/spaan/OneDrive/Documenten/GitHub/ProjectBobi/Content/Bobi/Anim/ThirdPersonJump_Start.uexp" 593
"C:/Users/spaan/OneDrive/Documenten/GitHub/ProjectBobi/Content/Bobi/Anim/ThirdPersonJump_Loop.uasset" 594
"C:/Users/spaan/OneDrive/Documenten/GitHub/ProjectBobi/Content/Bobi/Anim/ThirdPersonJump_Loop.uexp" 595
"C:/Users/spaan/OneDrive/Documenten/GitHub/ProjectBobi/Content/Bobi/Anim/ThirdPersonJump_End.uasset" 596
"C:/Users/spaan/OneDrive/Documenten/GitHub/ProjectBobi/Content/Bobi/Anim/ThirdPersonJump_End.uexp" 597
"C:/Users/spaan/OneDrive/Documenten/GitHub/ProjectBobi/Content/Bobi/BobiAnimBP.uasset" 598
"C:/Users/spaan/OneDrive/Documenten/GitHub/ProjectBobi/Content/Bobi/BobiAnimBP.uexp" 599
"C:/Users/spaan/OneDrive/Documenten/GitHub/ProjectBobi/Content/Bobi/Materials/bodyMaterial.uasset" 600
"C:/Users/spaan/OneDrive/Documenten/GitHub/ProjectBobi/Content/Bobi/Materials/bodyMaterial.uexp" 601
"../../../Engine/Content/BasicShapes/Plane.uasset" 602
"../../../Engine/Content/BasicShapes/Plane.uexp" 603
"../../../Engine/Plugins/FX/Niagara/Content/Enums/ENiagara_UVFlippingMode.uasset" 604
"../../../Engine/Plugins/FX/Niagara/Content/Enums/ENiagara_UVFlippingMode.uexp" 605
"../../../Engine/Plugins/FX/Niagara/Content/Enums/ENiagara_SpriteRotationMode.uasset" 606
"../../../Engine/Plugins/FX/Niagara/Content/Enums/ENiagara_SpriteRotationMode.uexp" 607
"../../../Engine/Plugins/FX/Niagara/Content/Enums/ENiagara_SizeScaleMode.uasset" 608
"../../../Engine/Plugins/FX/Niagara/Content/Enums/ENiagara_SizeScaleMode.uexp" 609
"../../../Engine/Plugins/FX/Niagara/Content/Enums/ENiagara_PositionInitializationMode.uasset" 610
"../../../Engine/Plugins/FX/Niagara/Content/Enums/ENiagara_PositionInitializationMode.uexp" 611
"../../../Engine/Plugins/FX/Niagara/Content/Enums/ENiagara_MassInitializationMode.uasset" 612
"../../../Engine/Plugins/FX/Niagara/Content/Enums/ENiagara_MassInitializationMode.uexp" 613
"../../../Engine/Plugins/FX/Niagara/Content/Enums/ENiagara_LifetimeMode.uasset" 614
"../../../Engine/Plugins/FX/Niagara/Content/Enums/ENiagara_LifetimeMode.uexp" 615
"../../../Engine/Plugins/FX/Niagara/Content/Enums/ENiagara_InfiniteLoopDuration.uasset" 616
"../../../Engine/Plugins/FX/Niagara/Content/Enums/ENiagara_InfiniteLoopDuration.uexp" 617
"../../../Engine/Plugins/FX/Niagara/Content/Enums/ENiagara_EmitterStateOptions.uasset" 618
"../../../Engine/Plugins/FX/Niagara/Content/Enums/ENiagara_EmitterStateOptions.uexp" 619
"../../../Engine/Plugins/FX/Niagara/Content/Enums/ENiagara_ColorInitializationMode.uasset" 620
"../../../Engine/Plugins/FX/Niagara/Content/Enums/ENiagara_ColorInitializationMode.uexp" 621
"../../../Engine/Plugins/FX/Niagara/Content/Enums/ENiagara_AttributeSamplingApplyOutput.uasset" 622
"../../../Engine/Plugins/FX/Niagara/Content/Enums/ENiagara_AttributeSamplingApplyOutput.uexp" 623
"../../../Engine/Plugins/FX/Niagara/Content/Modules/Update/Material/DynamicMaterialParameters.uasset" 624
"../../../Engine/Plugins/FX/Niagara/Content/Modules/Update/Material/DynamicMaterialParameters.uexp" 625
"../../../Engine/Plugins/FX/Niagara/Content/Modules/Update/Lifetime/ParticleState.uasset" 626
"../../../Engine/Plugins/FX/Niagara/Content/Modules/Update/Lifetime/ParticleState.uexp" 627
"../../../Engine/Plugins/FX/Niagara/Content/Functions/Localspace/TransformBase.uasset" 628
"../../../Engine/Plugins/FX/Niagara/Content/Functions/Localspace/TransformBase.uexp" 629
"../../../Engine/Plugins/FX/Niagara/Content/Functions/Localspace/TransformVector.uasset" 630
"../../../Engine/Plugins/FX/Niagara/Content/Functions/Localspace/TransformVector.uexp" 631
"../../../Engine/Plugins/FX/Niagara/Content/Modules/Update/Forces/GravityForce.uasset" 632
"../../../Engine/Plugins/FX/Niagara/Content/Modules/Update/Forces/GravityForce.uexp" 633
"../../../Engine/Plugins/FX/Niagara/Content/Modules/Update/Forces/Drag.uasset" 634
"../../../Engine/Plugins/FX/Niagara/Content/Modules/Update/Forces/Drag.uexp" 635
"../../../Engine/Plugins/FX/Niagara/Content/Enums/ENiagaraSystemInactiveMode.uasset" 636
"../../../Engine/Plugins/FX/Niagara/Content/Enums/ENiagaraSystemInactiveMode.uexp" 637
"../../../Engine/Plugins/FX/Niagara/Content/Functions/System/SystemChangeState.uasset" 638
"../../../Engine/Plugins/FX/Niagara/Content/Functions/System/SystemChangeState.uexp" 639
"../../../Engine/Plugins/FX/Niagara/Content/Modules/System/SystemState.uasset" 640
"../../../Engine/Plugins/FX/Niagara/Content/Modules/System/SystemState.uexp" 641
"../../../Engine/Plugins/FX/Niagara/Content/Enums/ENiagaraRandomnessMode.uasset" 642
"../../../Engine/Plugins/FX/Niagara/Content/Enums/ENiagaraRandomnessMode.uexp" 643
"../../../Engine/Plugins/FX/Niagara/Content/Functions/GetRandomInfo.uasset" 644
"../../../Engine/Plugins/FX/Niagara/Content/Functions/GetRandomInfo.uexp" 645
"../../../Engine/Plugins/FX/Niagara/Content/Functions/RandomRangeFloat.uasset" 646
"../../../Engine/Plugins/FX/Niagara/Content/Functions/RandomRangeFloat.uexp" 647
"../../../Engine/Plugins/FX/Niagara/Content/Functions/RandomUnitVector.uasset" 648
"../../../Engine/Plugins/FX/Niagara/Content/Functions/RandomUnitVector.uexp" 649
"../../../Engine/Plugins/FX/Niagara/Content/Functions/RandomVector.uasset" 650
"../../../Engine/Plugins/FX/Niagara/Content/Functions/RandomVector.uexp" 651
"../../../Engine/Plugins/FX/Niagara/Content/Functions/DirectionAndLengthSafe.uasset" 652
"../../../Engine/Plugins/FX/Niagara/Content/Functions/DirectionAndLengthSafe.uexp" 653
"../../../Engine/Plugins/FX/Niagara/Content/Functions/NormalizeDistanceRange.uasset" 654
"../../../Engine/Plugins/FX/Niagara/Content/Functions/NormalizeDistanceRange.uexp" 655
"../../../Engine/Plugins/FX/Niagara/Content/Functions/DistanceBasedFalloff.uasset" 656
"../../../Engine/Plugins/FX/Niagara/Content/Functions/DistanceBasedFalloff.uexp" 657
"../../../Engine/Plugins/FX/Niagara/Content/Functions/Localspace/SimulationPosition.uasset" 658
"../../../Engine/Plugins/FX/Niagara/Content/Functions/Localspace/SimulationPosition.uexp" 659
"../../../Engine/Plugins/FX/Niagara/Content/Modules/Spawn/Velocity/AddVelocityFromPoint.uasset" 660
"../../../Engine/Plugins/FX/Niagara/Content/Modules/Spawn/Velocity/AddVelocityFromPoint.uexp" 661
"../../../Engine/Plugins/FX/Niagara/Content/Enums/ENiagaraSphereDistributionMode.uasset" 662
"../../../Engine/Plugins/FX/Niagara/Content/Enums/ENiagaraSphereDistributionMode.uexp" 663
"../../../Engine/Plugins/FX/Niagara/Content/Enums/ENiagaraRandomnessEvaluation.uasset" 664
"../../../Engine/Plugins/FX/Niagara/Content/Enums/ENiagaraRandomnessEvaluation.uexp" 665
"../../../Engine/Plugins/FX/Niagara/Content/Enums/ENiagaraExpansionMode.uasset" 666
"../../../Engine/Plugins/FX/Niagara/Content/Enums/ENiagaraExpansionMode.uexp" 667
"../../../Engine/Plugins/FX/Niagara/Content/Functions/V2/CalculateRandomRange.uasset" 668
"../../../Engine/Plugins/FX/Niagara/Content/Functions/V2/CalculateRandomRange.uexp" 669
"../../../Engine/Plugins/FX/Niagara/Content/Functions/V2/CalculateRandomPointInSphere.uasset" 670
"../../../Engine/Plugins/FX/Niagara/Content/Functions/V2/CalculateRandomPointInSphere.uexp" 671
"../../../Engine/Plugins/FX/Niagara/Content/Functions/SphericalToCartesianCoordinates.uasset" 672
"../../../Engine/Plugins/FX/Niagara/Content/Functions/SphericalToCartesianCoordinates.uexp" 673
"../../../Engine/Plugins/FX/Niagara/Content/Functions/Rotation/MultiplyVectorWithQuaternion.uasset" 674
"../../../Engine/Plugins/FX/Niagara/Content/Functions/Rotation/MultiplyVectorWithQuaternion.uexp" 675
"../../../Engine/Plugins/FX/Niagara/Content/Functions/Rotation/FindQuatBetween.uasset" 676
"../../../Engine/Plugins/FX/Niagara/Content/Functions/Rotation/FindQuatBetween.uexp" 677
"../../../Engine/Plugins/FX/Niagara/Content/Modules/Spawn/Location/V2/SphereLocation.uasset" 678
"../../../Engine/Plugins/FX/Niagara/Content/Modules/Spawn/Location/V2/SphereLocation.uexp" 679
"../../../Engine/Plugins/FX/Niagara/Content/Enums/Ribbons/ENiagara_UnsetDirectSetRandom.uasset" 680
"../../../Engine/Plugins/FX/Niagara/Content/Enums/Ribbons/ENiagara_UnsetDirectSetRandom.uexp" 681
"../../../Engine/Plugins/FX/Niagara/Content/Enums/ENiagaraChannelCorrelation.uasset" 682
"../../../Engine/Plugins/FX/Niagara/Content/Enums/ENiagaraChannelCorrelation.uexp" 683
"../../../Engine/Plugins/FX/Niagara/Content/Functions/LinearColor/HueShiftLinearColor.uasset" 684
"../../../Engine/Plugins/FX/Niagara/Content/Functions/LinearColor/HueShiftLinearColor.uexp" 685
"../../../Engine/Plugins/FX/Niagara/Content/Functions/V2/CalculateRandomRangeInteger.uasset" 686
"../../../Engine/Plugins/FX/Niagara/Content/Functions/V2/CalculateRandomRangeInteger.uexp" 687
"../../../Engine/Plugins/FX/Niagara/Content/Functions/V2/CalculateRandomBool.uasset" 688
"../../../Engine/Plugins/FX/Niagara/Content/Functions/V2/CalculateRandomBool.uexp" 689
"../../../Engine/Plugins/FX/Niagara/Content/Functions/V2/CalculateRandomRangeFloat.uasset" 690
"../../../Engine/Plugins/FX/Niagara/Content/Functions/V2/CalculateRandomRangeFloat.uexp" 691
"../../../Engine/Plugins/FX/Niagara/Content/Modules/Spawn/Initialization/V2/InitializeParticle.uasset" 692
"../../../Engine/Plugins/FX/Niagara/Content/Modules/Spawn/Initialization/V2/InitializeParticle.uexp" 693
"../../../Engine/Plugins/FX/Niagara/Content/Enums/Ribbons/ENiagara_UnsetDirectSet.uasset" 694
"../../../Engine/Plugins/FX/Niagara/Content/Enums/Ribbons/ENiagara_UnsetDirectSet.uexp" 695
"../../../Engine/Plugins/FX/Niagara/Content/Modules/Spawn/Initialization/InitializeRibbon.uasset" 696
"../../../Engine/Plugins/FX/Niagara/Content/Modules/Spawn/Initialization/InitializeRibbon.uexp" 697
"../../../Engine/Plugins/FX/Niagara/Content/Modules/Solvers/SolveForcesAndVelocity.uasset" 698
"../../../Engine/Plugins/FX/Niagara/Content/Modules/Solvers/SolveForcesAndVelocity.uexp" 699
"../../../Engine/Plugins/FX/Niagara/Content/Modules/Ribbons/ScaleRibbonWidth.uasset" 700
"../../../Engine/Plugins/FX/Niagara/Content/Modules/Ribbons/ScaleRibbonWidth.uexp" 701
"../../../Engine/Plugins/FX/Niagara/Content/Functions/Localspace/TransformPosition.uasset" 702
"../../../Engine/Plugins/FX/Niagara/Content/Functions/Localspace/TransformPosition.uexp" 703
"../../../Engine/Plugins/FX/Niagara/Content/DefaultAssets/Structs/LocationEvent_V2.uasset" 704
"../../../Engine/Plugins/FX/Niagara/Content/DefaultAssets/Structs/LocationEvent_V2.uexp" 705
"../../../Engine/Plugins/FX/Niagara/Content/Modules/Events/ReceiveLocationEvent.uasset" 706
"../../../Engine/Plugins/FX/Niagara/Content/Modules/Events/ReceiveLocationEvent.uexp" 707
"../../../Engine/Plugins/FX/Niagara/Content/Enums/Events/ENiagara_LocEventType.uasset" 708
"../../../Engine/Plugins/FX/Niagara/Content/Enums/Events/ENiagara_LocEventType.uexp" 709
"../../../Engine/Plugins/FX/Niagara/Content/Functions/Helpers/AdvancePositionWithAcceleration.uasset" 710
"../../../Engine/Plugins/FX/Niagara/Content/Functions/Helpers/AdvancePositionWithAcceleration.uexp" 711
"../../../Engine/Plugins/FX/Niagara/Content/Modules/Events/GenerateLocationEvent.uasset" 712
"../../../Engine/Plugins/FX/Niagara/Content/Modules/Events/GenerateLocationEvent.uexp" 713
"../../../Engine/Plugins/FX/Niagara/Content/Modules/Emitter/SpawnBurst_Instantaneous.uasset" 714
"../../../Engine/Plugins/FX/Niagara/Content/Modules/Emitter/SpawnBurst_Instantaneous.uexp" 715
"../../../Engine/Plugins/FX/Niagara/Content/Enums/ENiagaraInactiveMode.uasset" 716
"../../../Engine/Plugins/FX/Niagara/Content/Enums/ENiagaraInactiveMode.uexp" 717
"../../../Engine/Plugins/FX/Niagara/Content/Enums/ENiagaraEmitterScalabilityMode_Limited.uasset" 718
"../../../Engine/Plugins/FX/Niagara/Content/Enums/ENiagaraEmitterScalabilityMode_Limited.uexp" 719
"../../../Engine/Plugins/FX/Niagara/Content/Enums/ENiagaraEmitterLifeCycleMode.uasset" 720
"../../../Engine/Plugins/FX/Niagara/Content/Enums/ENiagaraEmitterLifeCycleMode.uexp" 721
"../../../Engine/Plugins/FX/Niagara/Content/Functions/Emitter/EmitterChangeState.uasset" 722
"../../../Engine/Plugins/FX/Niagara/Content/Functions/Emitter/EmitterChangeState.uexp" 723
"../../../Engine/Plugins/FX/Niagara/Content/Enums/ENiagaraExecutionStateManagement.uasset" 724
"../../../Engine/Plugins/FX/Niagara/Content/Enums/ENiagaraExecutionStateManagement.uexp" 725
"../../../Engine/Plugins/FX/Niagara/Content/Modules/Emitter/EmitterState.uasset" 726
"../../../Engine/Plugins/FX/Niagara/Content/Modules/Emitter/EmitterState.uexp" 727
"../../../Engine/Plugins/FX/Niagara/Content/DynamicInputs/ValueFromCurve/FloatFromCurve.uasset" 728
"../../../Engine/Plugins/FX/Niagara/Content/DynamicInputs/ValueFromCurve/FloatFromCurve.uexp" 729
"../../../Engine/Plugins/FX/Niagara/Content/DynamicInputs/ValueFromCurve/ColorFromCurve.uasset" 730
"../../../Engine/Plugins/FX/Niagara/Content/DynamicInputs/ValueFromCurve/ColorFromCurve.uexp" 731
"../../../Engine/Plugins/FX/Niagara/Content/DynamicInputs/UniformRange/V2/RandomRangeFloat.uasset" 732
"../../../Engine/Plugins/FX/Niagara/Content/DynamicInputs/UniformRange/V2/RandomRangeFloat.uexp" 733
"../../../Engine/Plugins/FX/Niagara/Content/Enums/SpriteRenderer/ENiagara_ScaleSpriteSize.uasset" 734
"../../../Engine/Plugins/FX/Niagara/Content/Enums/SpriteRenderer/ENiagara_ScaleSpriteSize.uexp" 735
"../../../Engine/Plugins/FX/Niagara/Content/Modules/Update/Size/ScaleSpriteSize.uasset" 736
"../../../Engine/Plugins/FX/Niagara/Content/Modules/Update/Size/ScaleSpriteSize.uexp" 737
"../../../Engine/Plugins/FX/Niagara/Content/DynamicInputs/Helpers/SimulationPosition.uasset" 738
"../../../Engine/Plugins/FX/Niagara/Content/DynamicInputs/Helpers/SimulationPosition.uexp" 739
"C:/Users/spaan/OneDrive/Documenten/GitHub/ProjectBobi/Content/AbilitySystem/Mine/T_Hit.uasset" 740
"C:/Users/spaan/OneDrive/Documenten/GitHub/ProjectBobi/Content/AbilitySystem/Mine/T_Hit.uexp" 741
"C:/Users/spaan/OneDrive/Documenten/GitHub/ProjectBobi/Content/AbilitySystem/Mine/T_Hit.ubulk" 742
"C:/Users/spaan/OneDrive/Documenten/GitHub/ProjectBobi/Content/AbilitySystem/Mine/M_Hit.uasset" 743
"C:/Users/spaan/OneDrive/Documenten/GitHub/ProjectBobi/Content/AbilitySystem/Mine/M_Hit.uexp" 744
"../../../Engine/Content/Functions/Engine_MaterialFunctions01/Density/ExponentialDensity.uasset" 745
"../../../Engine/Content/Functions/Engine_MaterialFunctions01/Density/ExponentialDensity.uexp" 746
"../../../Engine/Content/Functions/Engine_MaterialFunctions01/Gradient/RadialGradientExponential.uasset" 747
"../../../Engine/Content/Functions/Engine_MaterialFunctions01/Gradient/RadialGradientExponential.uexp" 748
"C:/Users/spaan/OneDrive/Documenten/GitHub/ProjectBobi/Content/M_Blood.uasset" 749
"C:/Users/spaan/OneDrive/Documenten/GitHub/ProjectBobi/Content/M_Blood.uexp" 750
"C:/Users/spaan/OneDrive/Documenten/GitHub/ProjectBobi/Content/P_BloodImpact.uasset" 751
"C:/Users/spaan/OneDrive/Documenten/GitHub/ProjectBobi/Content/P_BloodImpact.uexp" 752
"C:/Users/spaan/OneDrive/Documenten/GitHub/ProjectBobi/Content/AbilitySystem/M_CastCircle.uasset" 753
"C:/Users/spaan/OneDrive/Documenten/GitHub/ProjectBobi/Content/AbilitySystem/M_CastCircle.uexp" 754
"C:/Users/spaan/OneDrive/Documenten/GitHub/ProjectBobi/Content/AbilitySystem/M_CastCircle_Inst.uasset" 755
"C:/Users/spaan/OneDrive/Documenten/GitHub/ProjectBobi/Content/AbilitySystem/M_CastCircle_Inst.uexp" 756
"C:/Users/spaan/OneDrive/Documenten/GitHub/ProjectBobi/Content/Bobi/BlenderToUnrealTut_PhysicsAsset.uasset" 757
"C:/Users/spaan/OneDrive/Documenten/GitHub/ProjectBobi/Content/Bobi/BlenderToUnrealTut_PhysicsAsset.uexp" 758
"C:/Users/spaan/OneDrive/Documenten/GitHub/ProjectBobi/Content/Bobi/Materials/eyes.uasset" 759
"C:/Users/spaan/OneDrive/Documenten/GitHub/ProjectBobi/Content/Bobi/Materials/eyes.uexp" 760
"C:/Users/spaan/OneDrive/Documenten/GitHub/ProjectBobi/Content/Bobi/BlenderToUnrealTut.uasset" 761
"C:/Users/spaan/OneDrive/Documenten/GitHub/ProjectBobi/Content/Bobi/BlenderToUnrealTut.uexp" 762
"C:/Users/spaan/OneDrive/Documenten/GitHub/ProjectBobi/Content/MobilitySystem/BP_MobilityParent.uasset" 763
"C:/Users/spaan/OneDrive/Documenten/GitHub/ProjectBobi/Content/MobilitySystem/BP_MobilityParent.uexp" 764
"C:/Users/spaan/OneDrive/Documenten/GitHub/ProjectBobi/Content/AbilitySystem/BPI_AbilityParent.uasset" 765
"C:/Users/spaan/OneDrive/Documenten/GitHub/ProjectBobi/Content/AbilitySystem/BPI_AbilityParent.uexp" 766
"C:/Users/spaan/OneDrive/Documenten/GitHub/ProjectBobi/Content/AbilitySystem/AbilityDetailsStruct.uasset" 767
"C:/Users/spaan/OneDrive/Documenten/GitHub/ProjectBobi/Content/AbilitySystem/AbilityDetailsStruct.uexp" 768
"C:/Users/spaan/OneDrive/Documenten/GitHub/ProjectBobi/Content/HUD/HUD_Ability.uasset" 769
"C:/Users/spaan/OneDrive/Documenten/GitHub/ProjectBobi/Content/HUD/HUD_Ability.uexp" 770
"C:/Users/spaan/OneDrive/Documenten/GitHub/ProjectBobi/Content/Bobi/BPI_CharacterToController.uasset" 771
"C:/Users/spaan/OneDrive/Documenten/GitHub/ProjectBobi/Content/Bobi/BPI_CharacterToController.uexp" 772
"C:/Users/spaan/OneDrive/Documenten/GitHub/ProjectBobi/Content/AbilitySystem/BP_AbilityHandler_ActorComponent.uasset" 773
"C:/Users/spaan/OneDrive/Documenten/GitHub/ProjectBobi/Content/AbilitySystem/BP_AbilityHandler_ActorComponent.uexp" 774
"C:/Users/spaan/OneDrive/Documenten/GitHub/ProjectBobi/Content/AbilitySystem/BP_AbilityParent.uasset" 775
"C:/Users/spaan/OneDrive/Documenten/GitHub/ProjectBobi/Content/AbilitySystem/BP_AbilityParent.uexp" 776
"C:/Users/spaan/OneDrive/Documenten/GitHub/ProjectBobi/Content/Bobi/CharacterSpecs.uasset" 777
"C:/Users/spaan/OneDrive/Documenten/GitHub/ProjectBobi/Content/Bobi/CharacterSpecs.uexp" 778
"C:/Users/spaan/OneDrive/Documenten/GitHub/ProjectBobi/Content/Bobi/BobiCharacter.uasset" 779
"C:/Users/spaan/OneDrive/Documenten/GitHub/ProjectBobi/Content/Bobi/BobiCharacter.uexp" 780
"C:/Users/spaan/OneDrive/Documenten/GitHub/ProjectBobi/Content/BP_GameInstance.uasset" 781
"C:/Users/spaan/OneDrive/Documenten/GitHub/ProjectBobi/Content/BP_GameInstance.uexp" 782
"C:/Users/spaan/OneDrive/Documenten/GitHub/ProjectBobi/Content/BPI_gamemode.uasset" 783
"C:/Users/spaan/OneDrive/Documenten/GitHub/ProjectBobi/Content/BPI_gamemode.uexp" 784
"C:/Users/spaan/OneDrive/Documenten/GitHub/ProjectBobi/Content/Bobi/BP_PlayerController.uasset" 785
"C:/Users/spaan/OneDrive/Documenten/GitHub/ProjectBobi/Content/Bobi/BP_PlayerController.uexp" 786
"C:/Users/spaan/OneDrive/Documenten/GitHub/ProjectBobi/Content/MobilitySystem/BP_MobilityHandler_ActorComponent.uasset" 787
"C:/Users/spaan/OneDrive/Documenten/GitHub/ProjectBobi/Content/MobilitySystem/BP_MobilityHandler_ActorComponent.uexp" 788
"C:/Users/spaan/OneDrive/Documenten/GitHub/ProjectBobi/Content/HUD/HUD_Mobility.uasset" 789
"C:/Users/spaan/OneDrive/Documenten/GitHub/ProjectBobi/Content/HUD/HUD_Mobility.uexp" 790
"C:/Users/spaan/OneDrive/Documenten/GitHub/ProjectBobi/Content/HUD/HUD_Player.uasset" 791
"C:/Users/spaan/OneDrive/Documenten/GitHub/ProjectBobi/Content/HUD/HUD_Player.uexp" 792
"C:/Users/spaan/OneDrive/Documenten/GitHub/ProjectBobi/Content/HUD/HUD_Container.uasset" 793
"C:/Users/spaan/OneDrive/Documenten/GitHub/ProjectBobi/Content/HUD/HUD_Container.uexp" 794
"../../../Engine/Content/BasicShapes/Sphere.uasset" 795
"../../../Engine/Content/BasicShapes/Sphere.uexp" 796
"C:/Users/spaan/OneDrive/Documenten/GitHub/ProjectBobi/Content/BP_camera.uasset" 797
"C:/Users/spaan/OneDrive/Documenten/GitHub/ProjectBobi/Content/BP_camera.uexp" 798
"C:/Users/spaan/OneDrive/Documenten/GitHub/ProjectBobi/Content/BP_FFA.uasset" 799
"C:/Users/spaan/OneDrive/Documenten/GitHub/ProjectBobi/Content/BP_FFA.uexp" 800
"C:/Users/spaan/OneDrive/Documenten/GitHub/ProjectBobi/Content/EmptyLevel.uexp" 801
"C:/Users/spaan/OneDrive/Documenten/GitHub/ProjectBobi/Content/EmptyLevel.umap" 802
"C:/Users/spaan/OneDrive/Documenten/GitHub/ProjectBobi/Content/CharacterSelectMenu/CharacterSelect_BuiltData.uasset" 803
"C:/Users/spaan/OneDrive/Documenten/GitHub/ProjectBobi/Content/CharacterSelectMenu/CharacterSelect_BuiltData.uexp" 804
"C:/Users/spaan/OneDrive/Documenten/GitHub/ProjectBobi/Content/CharacterSelectMenu/CharacterSelect_BuiltData.ubulk" 805
"C:/Users/spaan/OneDrive/Documenten/GitHub/ProjectBobi/Content/CharacterSelectMenu/UI/WBP_PlayerSelectSlot.uasset" 806
"C:/Users/spaan/OneDrive/Documenten/GitHub/ProjectBobi/Content/CharacterSelectMenu/UI/WBP_PlayerSelectSlot.uexp" 807
"C:/Users/spaan/OneDrive/Documenten/GitHub/ProjectBobi/Content/CharacterSelectMenu/UI/WBP_Menu.uasset" 808
"C:/Users/spaan/OneDrive/Documenten/GitHub/ProjectBobi/Content/CharacterSelectMenu/UI/WBP_Menu.uexp" 809
"C:/Users/spaan/OneDrive/Documenten/GitHub/ProjectBobi/Content/CharacterSelectMenu/BPI_CharacterSelect.uasset" 810
"C:/Users/spaan/OneDrive/Documenten/GitHub/ProjectBobi/Content/CharacterSelectMenu/BPI_CharacterSelect.uexp" 811
"C:/Users/spaan/OneDrive/Documenten/GitHub/ProjectBobi/Content/CharacterSelectMenu/BP_CharacterMenuInputReceiver.uasset" 812
"C:/Users/spaan/OneDrive/Documenten/GitHub/ProjectBobi/Content/CharacterSelectMenu/BP_CharacterMenuInputReceiver.uexp" 813
"C:/Users/spaan/OneDrive/Documenten/GitHub/ProjectBobi/Content/Bobi/BP_PlayerState.uasset" 814
"C:/Users/spaan/OneDrive/Documenten/GitHub/ProjectBobi/Content/Bobi/BP_PlayerState.uexp" 815
"C:/Users/spaan/OneDrive/Documenten/GitHub/ProjectBobi/Content/Bobi/Icons/SamIcon.uasset" 816
"C:/Users/spaan/OneDrive/Documenten/GitHub/ProjectBobi/Content/Bobi/Icons/SamIcon.uexp" 817
"C:/Users/spaan/OneDrive/Documenten/GitHub/ProjectBobi/Content/Bobi/Materials/bodyBlue.uasset" 818
"C:/Users/spaan/OneDrive/Documenten/GitHub/ProjectBobi/Content/Bobi/Materials/bodyBlue.uexp" 819
"C:/Users/spaan/OneDrive/Documenten/GitHub/ProjectBobi/Content/AbilitySystem/MachineGun/Image_AbilityIcon_MachineGun.uasset" 820
"C:/Users/spaan/OneDrive/Documenten/GitHub/ProjectBobi/Content/AbilitySystem/MachineGun/Image_AbilityIcon_MachineGun.uexp" 821
"C:/Users/spaan/OneDrive/Documenten/GitHub/ProjectBobi/Content/HUD/BorderTexture.uasset" 822
"C:/Users/spaan/OneDrive/Documenten/GitHub/ProjectBobi/Content/HUD/BorderTexture.uexp" 823
"C:/Users/spaan/OneDrive/Documenten/GitHub/ProjectBobi/Content/AbilitySystem/MachineGun/HUD_AmmoCount.uasset" 824
"C:/Users/spaan/OneDrive/Documenten/GitHub/ProjectBobi/Content/AbilitySystem/MachineGun/HUD_AmmoCount.uexp" 825
"C:/Users/spaan/OneDrive/Documenten/GitHub/ProjectBobi/Content/AbilitySystem/MachineGun/GunShot.uasset" 826
"C:/Users/spaan/OneDrive/Documenten/GitHub/ProjectBobi/Content/AbilitySystem/MachineGun/GunShot.uexp" 827
"C:/Users/spaan/OneDrive/Documenten/GitHub/ProjectBobi/Content/AbilitySystem/MachineGun/M_Bullet.uasset" 828
"C:/Users/spaan/OneDrive/Documenten/GitHub/ProjectBobi/Content/AbilitySystem/MachineGun/M_Bullet.uexp" 829
"C:/Users/spaan/OneDrive/Documenten/GitHub/ProjectBobi/Content/AbilitySystem/MachineGun/BP_SingleBullet.uasset" 830
"C:/Users/spaan/OneDrive/Documenten/GitHub/ProjectBobi/Content/AbilitySystem/MachineGun/BP_SingleBullet.uexp" 831
"C:/Users/spaan/OneDrive/Documenten/GitHub/ProjectBobi/Content/AbilitySystem/MachineGun/BP_AbilityMachineGun.uasset" 832
"C:/Users/spaan/OneDrive/Documenten/GitHub/ProjectBobi/Content/AbilitySystem/MachineGun/BP_AbilityMachineGun.uexp" 833
"C:/Users/spaan/OneDrive/Documenten/GitHub/ProjectBobi/Content/AbilitySystem/Arrow/M_Lightning.uasset" 834
"C:/Users/spaan/OneDrive/Documenten/GitHub/ProjectBobi/Content/AbilitySystem/Arrow/M_Lightning.uexp" 835
"C:/Users/spaan/OneDrive/Documenten/GitHub/ProjectBobi/Content/AbilitySystem/Arrow/M_ArrowBase.uasset" 836
"C:/Users/spaan/OneDrive/Documenten/GitHub/ProjectBobi/Content/AbilitySystem/Arrow/M_ArrowBase.uexp" 837
"C:/Users/spaan/OneDrive/Documenten/GitHub/ProjectBobi/Content/AbilitySystem/Arrow/LightningArrow.uasset" 838
"C:/Users/spaan/OneDrive/Documenten/GitHub/ProjectBobi/Content/AbilitySystem/Arrow/LightningArrow.uexp" 839
"C:/Users/spaan/OneDrive/Documenten/GitHub/ProjectBobi/Content/AbilitySystem/Arrow/Image_AbilityIcon_Arrow.uasset" 840
"C:/Users/spaan/OneDrive/Documenten/GitHub/ProjectBobi/Content/AbilitySystem/Arrow/Image_AbilityIcon_Arrow.uexp" 841
"C:/Users/spaan/OneDrive/Documenten/GitHub/ProjectBobi/Content/AbilitySystem/Arrow/BP_AbilityArrow.uasset" 842
"C:/Users/spaan/OneDrive/Documenten/GitHub/ProjectBobi/Content/AbilitySystem/Arrow/BP_AbilityArrow.uexp" 843
"C:/Users/spaan/OneDrive/Documenten/GitHub/ProjectBobi/Content/AbilitySystem/Melee/Image_AbilityIcon_Sword.uasset" 844
"C:/Users/spaan/OneDrive/Documenten/GitHub/ProjectBobi/Content/AbilitySystem/Melee/Image_AbilityIcon_Sword.uexp" 845
"C:/Users/spaan/OneDrive/Documenten/GitHub/ProjectBobi/Content/AbilitySystem/Melee/BP_AbilityMelee.uasset" 846
"C:/Users/spaan/OneDrive/Documenten/GitHub/ProjectBobi/Content/AbilitySystem/Melee/BP_AbilityMelee.uexp" 847
"C:/Users/spaan/OneDrive/Documenten/GitHub/ProjectBobi/Content/AbilitySystem/HolyGround/Image_AbilityIcon_HolyGround.uasset" 848
"C:/Users/spaan/OneDrive/Documenten/GitHub/ProjectBobi/Content/AbilitySystem/HolyGround/Image_AbilityIcon_HolyGround.uexp" 849
"C:/Users/spaan/OneDrive/Documenten/GitHub/ProjectBobi/Content/AbilitySystem/HolyGround/M_Decal_HolyGround.uasset" 850
"C:/Users/spaan/OneDrive/Documenten/GitHub/ProjectBobi/Content/AbilitySystem/HolyGround/M_Decal_HolyGround.uexp" 851
"C:/Users/spaan/OneDrive/Documenten/GitHub/ProjectBobi/Content/AbilitySystem/HolyGround/BP_AbilityHolyGround.uasset" 852
"C:/Users/spaan/OneDrive/Documenten/GitHub/ProjectBobi/Content/AbilitySystem/HolyGround/BP_AbilityHolyGround.uexp" 853
"C:/Users/spaan/OneDrive/Documenten/GitHub/ProjectBobi/Content/Bobi/BobiCharacter_Sam.uasset" 854
"C:/Users/spaan/OneDrive/Documenten/GitHub/ProjectBobi/Content/Bobi/BobiCharacter_Sam.uexp" 855
"C:/Users/spaan/OneDrive/Documenten/GitHub/ProjectBobi/Content/Bobi/Icons/MartijnIcon.uasset" 856
"C:/Users/spaan/OneDrive/Documenten/GitHub/ProjectBobi/Content/Bobi/Icons/MartijnIcon.uexp" 857
"C:/Users/spaan/OneDrive/Documenten/GitHub/ProjectBobi/Content/Bobi/Materials/bodyPink.uasset" 858
"C:/Users/spaan/OneDrive/Documenten/GitHub/ProjectBobi/Content/Bobi/Materials/bodyPink.uexp" 859
"C:/Users/spaan/OneDrive/Documenten/GitHub/ProjectBobi/Content/MobilitySystem/BP_MobilitySprint.uasset" 860
"C:/Users/spaan/OneDrive/Documenten/GitHub/ProjectBobi/Content/MobilitySystem/BP_MobilitySprint.uexp" 861
"C:/Users/spaan/OneDrive/Documenten/GitHub/ProjectBobi/Content/AbilitySystem/Shield/HalfSphere.uasset" 862
"C:/Users/spaan/OneDrive/Documenten/GitHub/ProjectBobi/Content/AbilitySystem/Shield/HalfSphere.uexp" 863
"C:/Users/spaan/OneDrive/Documenten/GitHub/ProjectBobi/Content/AbilitySystem/Shield/M_ShieldSphere.uasset" 864
"C:/Users/spaan/OneDrive/Documenten/GitHub/ProjectBobi/Content/AbilitySystem/Shield/M_ShieldSphere.uexp" 865
"C:/Users/spaan/OneDrive/Documenten/GitHub/ProjectBobi/Content/AbilitySystem/Shield/M_ShieldSphere_Inst.uasset" 866
"C:/Users/spaan/OneDrive/Documenten/GitHub/ProjectBobi/Content/AbilitySystem/Shield/M_ShieldSphere_Inst.uexp" 867
"../../../Engine/Content/Functions/Engine_MaterialFunctions01/Opacity/Chroma_Key_Alpha.uasset" 868
"../../../Engine/Content/Functions/Engine_MaterialFunctions01/Opacity/Chroma_Key_Alpha.uexp" 869
"C:/Users/spaan/OneDrive/Documenten/GitHub/ProjectBobi/Content/AbilitySystem/Shield/AbilityIcon_Shield.uasset" 870
"C:/Users/spaan/OneDrive/Documenten/GitHub/ProjectBobi/Content/AbilitySystem/Shield/AbilityIcon_Shield.uexp" 871
"C:/Users/spaan/OneDrive/Documenten/GitHub/ProjectBobi/Content/AbilitySystem/Shield/M_ShieldLogo.uasset" 872
"C:/Users/spaan/OneDrive/Documenten/GitHub/ProjectBobi/Content/AbilitySystem/Shield/M_ShieldLogo.uexp" 873
"C:/Users/spaan/OneDrive/Documenten/GitHub/ProjectBobi/Content/AbilitySystem/Shield/BP_AbilityShield.uasset" 874
"C:/Users/spaan/OneDrive/Documenten/GitHub/ProjectBobi/Content/AbilitySystem/Shield/BP_AbilityShield.uexp" 875
"C:/Users/spaan/OneDrive/Documenten/GitHub/ProjectBobi/Content/Bobi/BobiCharacter_Martijn.uasset" 876
"C:/Users/spaan/OneDrive/Documenten/GitHub/ProjectBobi/Content/Bobi/BobiCharacter_Martijn.uexp" 877
"C:/Users/spaan/OneDrive/Documenten/GitHub/ProjectBobi/Content/Bobi/Icons/LarsIcon.uasset" 878
"C:/Users/spaan/OneDrive/Documenten/GitHub/ProjectBobi/Content/Bobi/Icons/LarsIcon.uexp" 879
"C:/Users/spaan/OneDrive/Documenten/GitHub/ProjectBobi/Content/Bobi/Materials/bodyGreen.uasset" 880
"C:/Users/spaan/OneDrive/Documenten/GitHub/ProjectBobi/Content/Bobi/Materials/bodyGreen.uexp" 881
"C:/Users/spaan/OneDrive/Documenten/GitHub/ProjectBobi/Content/MobilitySystem/BP_MobilityDash.uasset" 882
"C:/Users/spaan/OneDrive/Documenten/GitHub/ProjectBobi/Content/MobilitySystem/BP_MobilityDash.uexp" 883
"C:/Users/spaan/OneDrive/Documenten/GitHub/ProjectBobi/Content/AbilitySystem/Mine/Red.uasset" 884
"C:/Users/spaan/OneDrive/Documenten/GitHub/ProjectBobi/Content/AbilitySystem/Mine/Red.uexp" 885
"C:/Users/spaan/OneDrive/Documenten/GitHub/ProjectBobi/Content/AbilitySystem/Mine/Metal.uasset" 886
"C:/Users/spaan/OneDrive/Documenten/GitHub/ProjectBobi/Content/AbilitySystem/Mine/Metal.uexp" 887
"C:/Users/spaan/OneDrive/Documenten/GitHub/ProjectBobi/Content/AbilitySystem/Mine/Mine.uasset" 888
"C:/Users/spaan/OneDrive/Documenten/GitHub/ProjectBobi/Content/AbilitySystem/Mine/Mine.uexp" 889
"../../../Engine/Plugins/FX/Niagara/Content/Enums/ENiagaraScaleColorMode.uasset" 890
"../../../Engine/Plugins/FX/Niagara/Content/Enums/ENiagaraScaleColorMode.uexp" 891
"../../../Engine/Plugins/FX/Niagara/Content/Modules/Update/Color/ScaleColor.uasset" 892
"../../../Engine/Plugins/FX/Niagara/Content/Modules/Update/Color/ScaleColor.uexp" 893
"../../../Engine/Plugins/FX/Niagara/Content/Modules/Spawn/Velocity/AddVelocity.uasset" 894
"../../../Engine/Plugins/FX/Niagara/Content/Modules/Spawn/Velocity/AddVelocity.uexp" 895
"../../../Engine/Plugins/FX/Niagara/Content/DynamicInputs/TypeConversions/VectorFromFloat.uasset" 896
"../../../Engine/Plugins/FX/Niagara/Content/DynamicInputs/TypeConversions/VectorFromFloat.uexp" 897
"../../../Engine/Plugins/FX/Niagara/Content/DynamicInputs/TypeConversions/MakeVector4_FromFloat.uasset" 898
"../../../Engine/Plugins/FX/Niagara/Content/DynamicInputs/TypeConversions/MakeVector4_FromFloat.uexp" 899
"../../../Engine/Plugins/FX/Niagara/Content/DynamicInputs/Multiply/Multiply_Vector.uasset" 900
"../../../Engine/Plugins/FX/Niagara/Content/DynamicInputs/Multiply/Multiply_Vector.uexp" 901
"../../../Engine/Plugins/FX/Niagara/Content/DynamicInputs/LinearColor/MultiplyLinearColor.uasset" 902
"../../../Engine/Plugins/FX/Niagara/Content/DynamicInputs/LinearColor/MultiplyLinearColor.uexp" 903
"../../../Engine/Plugins/FX/Niagara/Content/DynamicInputs/LinearColor/LerpLinearColors.uasset" 904
"../../../Engine/Plugins/FX/Niagara/Content/DynamicInputs/LinearColor/LerpLinearColors.uexp" 905
"../../../Engine/Plugins/FX/Niagara/Content/DynamicInputs/Helpers/NormalizeVector.uasset" 906
"../../../Engine/Plugins/FX/Niagara/Content/DynamicInputs/Helpers/NormalizeVector.uexp" 907
"../../../Engine/Plugins/FX/Niagara/Content/Modules/Update/Color/Color.uasset" 908
"../../../Engine/Plugins/FX/Niagara/Content/Modules/Update/Color/Color.uexp" 909
"../../../Engine/Plugins/FX/Niagara/Content/DynamicInputs/Add/Add_Float.uasset" 910
"../../../Engine/Plugins/FX/Niagara/Content/DynamicInputs/Add/Add_Float.uexp" 911
"../../../Engine/Plugins/FX/Niagara/Content/Enums/Transforms/ENiagara_TransformType.uasset" 912
"../../../Engine/Plugins/FX/Niagara/Content/Enums/Transforms/ENiagara_TransformType.uexp" 913
"../../../Engine/Plugins/FX/Niagara/Content/Enums/Transforms/ENiagara_TransformOrder.uasset" 914
"../../../Engine/Plugins/FX/Niagara/Content/Enums/Transforms/ENiagara_TransformOrder.uexp" 915
"../../../Engine/Plugins/FX/Niagara/Content/Enums/Transforms/ENiagara_ScaleMode.uasset" 916
"../../../Engine/Plugins/FX/Niagara/Content/Enums/Transforms/ENiagara_ScaleMode.uexp" 917
"../../../Engine/Plugins/FX/Niagara/Content/Enums/Transforms/ENiagara_RotationMode.uasset" 918
"../../../Engine/Plugins/FX/Niagara/Content/Enums/Transforms/ENiagara_RotationMode.uexp" 919
"../../../Engine/Plugins/FX/Niagara/Content/Enums/Transforms/ENiagara_OffsetMode.uasset" 920
"../../../Engine/Plugins/FX/Niagara/Content/Enums/Transforms/ENiagara_OffsetMode.uexp" 921
"../../../Engine/Plugins/FX/Niagara/Content/Enums/Location/ENiagara_CylinderMode.uasset" 922
"../../../Engine/Plugins/FX/Niagara/Content/Enums/Location/ENiagara_CylinderMode.uexp" 923
"../../../Engine/Plugins/FX/Niagara/Content/Enums/Angles/ENiagara_AngleInput.uasset" 924
"../../../Engine/Plugins/FX/Niagara/Content/Enums/Angles/ENiagara_AngleInput.uexp" 925
"../../../Engine/Plugins/FX/Niagara/Content/Functions/Math/SaturateFloat.uasset" 926
"../../../Engine/Plugins/FX/Niagara/Content/Functions/Math/SaturateFloat.uexp" 927
"../../../Engine/Plugins/FX/Niagara/Content/Functions/PolarToCartesianCoordinates.uasset" 928
"../../../Engine/Plugins/FX/Niagara/Content/Functions/PolarToCartesianCoordinates.uexp" 929
"../../../Engine/Plugins/FX/Niagara/Content/Functions/Rotation/MatrixToQuaternion.uasset" 930
"../../../Engine/Plugins/FX/Niagara/Content/Functions/Rotation/MatrixToQuaternion.uexp" 931
"../../../Engine/Plugins/FX/Niagara/Content/Functions/Rotation/MakeQuaternionFrom3BasisVectors.uasset" 932
"../../../Engine/Plugins/FX/Niagara/Content/Functions/Rotation/MakeQuaternionFrom3BasisVectors.uexp" 933
"../../../Engine/Plugins/FX/Niagara/Content/Functions/Rotation/XYZRotationToQuaternion.uasset" 934
"../../../Engine/Plugins/FX/Niagara/Content/Functions/Rotation/XYZRotationToQuaternion.uexp" 935
"../../../Engine/Plugins/FX/Niagara/Content/Functions/Rotation/AngleUnitConverter.uasset" 936
"../../../Engine/Plugins/FX/Niagara/Content/Functions/Rotation/AngleUnitConverter.uexp" 937
"../../../Engine/Plugins/FX/Niagara/Content/Functions/Rotation/AxisAngleToQuaternion.uasset" 938
"../../../Engine/Plugins/FX/Niagara/Content/Functions/Rotation/AxisAngleToQuaternion.uexp" 939
"../../../Engine/Plugins/FX/Niagara/Content/Functions/V2/RemapRange.uasset" 940
"../../../Engine/Plugins/FX/Niagara/Content/Functions/V2/RemapRange.uexp" 941
"../../../Engine/Plugins/FX/Niagara/Content/Functions/Rotation/MultiplyQuaternion.uasset" 942
"../../../Engine/Plugins/FX/Niagara/Content/Functions/Rotation/MultiplyQuaternion.uexp" 943
"../../../Engine/Plugins/FX/Niagara/Content/Functions/Rotation/InvertQuaternion.uasset" 944
"../../../Engine/Plugins/FX/Niagara/Content/Functions/Rotation/InvertQuaternion.uexp" 945
"../../../Engine/Plugins/FX/Niagara/Content/Modules/Spawn/Location/CylinderLocation.uasset" 946
"../../../Engine/Plugins/FX/Niagara/Content/Modules/Spawn/Location/CylinderLocation.uexp" 947
"../../../Engine/Plugins/FX/Niagara/Content/DynamicInputs/Subtract/Subtract_Vector.uasset" 948
"../../../Engine/Plugins/FX/Niagara/Content/DynamicInputs/Subtract/Subtract_Vector.uexp" 949
"../../../Engine/Plugins/FX/Niagara/Content/DefaultAssets/DefaultSpriteMaterial.uasset" 950
"../../../Engine/Plugins/FX/Niagara/Content/DefaultAssets/DefaultSpriteMaterial.uexp" 951
"C:/Users/spaan/OneDrive/Documenten/GitHub/ProjectBobi/Content/AbilitySystem/Mine/T_Smoke.uasset" 952
"C:/Users/spaan/OneDrive/Documenten/GitHub/ProjectBobi/Content/AbilitySystem/Mine/T_Smoke.uexp" 953
"C:/Users/spaan/OneDrive/Documenten/GitHub/ProjectBobi/Content/AbilitySystem/Mine/T_Smoke.ubulk" 954
"C:/Users/spaan/OneDrive/Documenten/GitHub/ProjectBobi/Content/AbilitySystem/Mine/M_Poof.uasset" 955
"C:/Users/spaan/OneDrive/Documenten/GitHub/ProjectBobi/Content/AbilitySystem/Mine/M_Poof.uexp" 956
"C:/Users/spaan/OneDrive/Documenten/GitHub/ProjectBobi/Content/AbilitySystem/Mine/P_Poof.uasset" 957
"C:/Users/spaan/OneDrive/Documenten/GitHub/ProjectBobi/Content/AbilitySystem/Mine/P_Poof.uexp" 958
"../../../Engine/Plugins/FX/Niagara/Content/DefaultAssets/DefaultRIbbonMaterial.uasset" 959
"../../../Engine/Plugins/FX/Niagara/Content/DefaultAssets/DefaultRIbbonMaterial.uexp" 960
"C:/Users/spaan/OneDrive/Documenten/GitHub/ProjectBobi/Content/AbilitySystem/Mine/P_Explosion.uasset" 961
"C:/Users/spaan/OneDrive/Documenten/GitHub/ProjectBobi/Content/AbilitySystem/Mine/P_Explosion.uexp" 962
"C:/Users/spaan/OneDrive/Documenten/GitHub/ProjectBobi/Content/AbilitySystem/Mine/AbilityIcon_Mine.uasset" 963
"C:/Users/spaan/OneDrive/Documenten/GitHub/ProjectBobi/Content/AbilitySystem/Mine/AbilityIcon_Mine.uexp" 964
"C:/Users/spaan/OneDrive/Documenten/GitHub/ProjectBobi/Content/AbilitySystem/Mine/BP_AbilityMine.uasset" 965
"C:/Users/spaan/OneDrive/Documenten/GitHub/ProjectBobi/Content/AbilitySystem/Mine/BP_AbilityMine.uexp" 966
"C:/Users/spaan/OneDrive/Documenten/GitHub/ProjectBobi/Content/Bobi/BobiCharacter_Lars.uasset" 967
"C:/Users/spaan/OneDrive/Documenten/GitHub/ProjectBobi/Content/Bobi/BobiCharacter_Lars.uexp" 968
"C:/Users/spaan/OneDrive/Documenten/GitHub/ProjectBobi/Content/Bobi/Icons/JoepIcon.uasset" 969
"C:/Users/spaan/OneDrive/Documenten/GitHub/ProjectBobi/Content/Bobi/Icons/JoepIcon.uexp" 970
"C:/Users/spaan/OneDrive/Documenten/GitHub/ProjectBobi/Content/Bobi/Materials/bodyOrange.uasset" 971
"C:/Users/spaan/OneDrive/Documenten/GitHub/ProjectBobi/Content/Bobi/Materials/bodyOrange.uexp" 972
"C:/Users/spaan/OneDrive/Documenten/GitHub/ProjectBobi/Content/AbilitySystem/FastMelee/BP_FastMelee.uasset" 973
"C:/Users/spaan/OneDrive/Documenten/GitHub/ProjectBobi/Content/AbilitySystem/FastMelee/BP_FastMelee.uexp" 974
"C:/Users/spaan/OneDrive/Documenten/GitHub/ProjectBobi/Content/Bobi/BobiCharacter_Joep.uasset" 975
"C:/Users/spaan/OneDrive/Documenten/GitHub/ProjectBobi/Content/Bobi/BobiCharacter_Joep.uexp" 976
"C:/Users/spaan/OneDrive/Documenten/GitHub/ProjectBobi/Content/CharacterSelectMenu/BP_CharacterSelect_GameMode.uasset" 977
"C:/Users/spaan/OneDrive/Documenten/GitHub/ProjectBobi/Content/CharacterSelectMenu/BP_CharacterSelect_GameMode.uexp" 978
"C:/Users/spaan/OneDrive/Documenten/GitHub/ProjectBobi/Content/CharacterSelectMenu/CharacterSelect.uexp" 979
"C:/Users/spaan/OneDrive/Documenten/GitHub/ProjectBobi/Content/CharacterSelectMenu/CharacterSelect.umap" 980
"../../../Engine/Content/Maps/Entry_BuiltData.uasset" 981
"../../../Engine/Content/Maps/Entry_BuiltData.uexp" 982
"../../../Engine/Content/Maps/Entry.uexp" 983
"../../../Engine/Content/Maps/Entry.umap" 984
